<?xml version="1.0" encoding="UTF-8"?>
<coverage generated="1777750358891" clover="3.2.0">
  <project timestamp="1777750358891" name="All files">
    <metrics statements="244" coveredstatements="162" conditionals="161" coveredconditionals="79" methods="95" coveredmethods="59" elements="500" coveredelements="300" complexity="0" loc="244" ncloc="244" packages="4" files="10" classes="10"/>
    <package name="components">
      <metrics statements="28" coveredstatements="25" conditionals="8" coveredconditionals="4" methods="16" coveredmethods="11"/>
      <file name="Footer.jsx" path="C:\Users\ayush\OneDrive\Desktop\Project\civicGuide Ai\civic-guide-ai\src\components\Footer.jsx">
        <metrics statements="3" coveredstatements="3" conditionals="0" coveredconditionals="0" methods="2" coveredmethods="2"/>
        <line num="5" count="2" type="stmt"/>
        <line num="13" count="2" type="stmt"/>
        <line num="50" count="8" type="stmt"/>
      </file>
      <file name="Header.jsx" path="C:\Users\ayush\OneDrive\Desktop\Project\civicGuide Ai\civic-guide-ai\src\components\Header.jsx">
        <metrics statements="13" coveredstatements="11" conditionals="6" coveredconditionals="3" methods="9" coveredmethods="5"/>
        <line num="7" count="2" type="stmt"/>
        <line num="16" count="2" type="stmt"/>
        <line num="17" count="2" type="stmt"/>
        <line num="18" count="2" type="stmt"/>
        <line num="20" count="2" type="stmt"/>
        <line num="21" count="2" type="stmt"/>
        <line num="22" count="2" type="stmt"/>
        <line num="23" count="2" type="stmt"/>
        <line num="26" count="2" type="stmt"/>
        <line num="51" count="10" type="stmt"/>
        <line num="73" count="0" type="stmt"/>
        <line num="89" count="10" type="stmt"/>
        <line num="92" count="0" type="stmt"/>
      </file>
      <file name="Layout.jsx" path="C:\Users\ayush\OneDrive\Desktop\Project\civicGuide Ai\civic-guide-ai\src\components\Layout.jsx">
        <metrics statements="12" coveredstatements="11" conditionals="2" coveredconditionals="1" methods="5" coveredmethods="4"/>
        <line num="6" count="2" type="stmt"/>
        <line num="15" count="1" type="stmt"/>
        <line num="17" count="1" type="stmt"/>
        <line num="18" count="1" type="stmt"/>
        <line num="19" count="1" type="stmt"/>
        <line num="20" count="1" type="cond" truecount="1" falsecount="1"/>
        <line num="24" count="1" type="stmt"/>
        <line num="25" count="1" type="stmt"/>
        <line num="26" count="1" type="stmt"/>
        <line num="30" count="1" type="stmt"/>
        <line num="43" count="0" type="stmt"/>
        <line num="48" count="5" type="stmt"/>
      </file>
    </package>
    <package name="hooks">
      <metrics statements="10" coveredstatements="9" conditionals="0" coveredconditionals="0" methods="4" coveredmethods="3"/>
      <file name="use-mobile.jsx" path="C:\Users\ayush\OneDrive\Desktop\Project\civicGuide Ai\civic-guide-ai\src\hooks\use-mobile.jsx">
        <metrics statements="10" coveredstatements="9" conditionals="0" coveredconditionals="0" methods="4" coveredmethods="3"/>
        <line num="2" count="1" type="stmt"/>
        <line num="4" count="4" type="stmt"/>
        <line num="5" count="4" type="stmt"/>
        <line num="6" count="2" type="stmt"/>
        <line num="7" count="2" type="stmt"/>
        <line num="8" count="0" type="stmt"/>
        <line num="10" count="2" type="stmt"/>
        <line num="11" count="2" type="stmt"/>
        <line num="12" count="2" type="stmt"/>
        <line num="14" count="4" type="stmt"/>
      </file>
    </package>
    <package name="lib">
      <metrics statements="1" coveredstatements="1" conditionals="0" coveredconditionals="0" methods="1" coveredmethods="1"/>
      <file name="utils.ts" path="C:\Users\ayush\OneDrive\Desktop\Project\civicGuide Ai\civic-guide-ai\src\lib\utils.ts">
        <metrics statements="1" coveredstatements="1" conditionals="0" coveredconditionals="0" methods="1" coveredmethods="1"/>
        <line num="5" count="2" type="stmt"/>
      </file>
    </package>
    <package name="routes">
      <metrics statements="205" coveredstatements="127" conditionals="153" coveredconditionals="75" methods="74" coveredmethods="44"/>
      <file name="chatbot.jsx" path="C:\Users\ayush\OneDrive\Desktop\Project\civicGuide Ai\civic-guide-ai\src\routes\chatbot.jsx">
        <metrics statements="174" coveredstatements="100" conditionals="141" coveredconditionals="63" methods="56" coveredmethods="30"/>
        <line num="7" count="2" type="stmt"/>
        <line num="8" count="0" type="stmt"/>
        <line num="24" count="2" type="stmt"/>
        <line num="26" count="2" type="stmt"/>
        <line num="63" count="2" type="stmt"/>
        <line num="64" count="2" type="stmt"/>
        <line num="70" count="2" type="stmt"/>
        <line num="71" count="2" type="stmt"/>
        <line num="73" count="8" type="stmt"/>
        <line num="74" count="8" type="stmt"/>
        <line num="75" count="39" type="cond" truecount="2" falsecount="0"/>
        <line num="76" count="7" type="stmt"/>
        <line num="79" count="1" type="stmt"/>
        <line num="82" count="0" type="stmt"/>
        <line num="83" count="0" type="stmt"/>
        <line num="84" count="0" type="stmt"/>
        <line num="85" count="0" type="cond" truecount="0" falsecount="4"/>
        <line num="86" count="0" type="cond" truecount="0" falsecount="4"/>
        <line num="88" count="0" type="cond" truecount="0" falsecount="2"/>
        <line num="89" count="0" type="cond" truecount="0" falsecount="2"/>
        <line num="91" count="0" type="cond" truecount="0" falsecount="2"/>
        <line num="92" count="0" type="cond" truecount="0" falsecount="2"/>
        <line num="94" count="0" type="cond" truecount="0" falsecount="2"/>
        <line num="95" count="0" type="stmt"/>
        <line num="96" count="0" type="stmt"/>
        <line num="99" count="0" type="stmt"/>
        <line num="101" count="0" type="stmt"/>
        <line num="104" count="8" type="stmt"/>
        <line num="107" count="3" type="cond" truecount="2" falsecount="0"/>
        <line num="108" count="1" type="stmt"/>
        <line num="109" count="2" type="cond" truecount="2" falsecount="0"/>
        <line num="110" count="1" type="stmt"/>
        <line num="111" count="1" type="stmt"/>
        <line num="114" count="0" type="stmt"/>
        <line num="115" count="0" type="stmt"/>
        <line num="116" count="0" type="stmt"/>
        <line num="117" count="0" type="stmt"/>
        <line num="118" count="0" type="stmt"/>
        <line num="122" count="20" type="stmt"/>
        <line num="123" count="20" type="stmt"/>
        <line num="126" count="20" type="stmt"/>
        <line num="127" count="20" type="stmt"/>
        <line num="128" count="20" type="stmt"/>
        <line num="129" count="20" type="stmt"/>
        <line num="130" count="20" type="stmt"/>
        <line num="131" count="20" type="stmt"/>
        <line num="132" count="20" type="stmt"/>
        <line num="133" count="20" type="stmt"/>
        <line num="134" count="20" type="stmt"/>
        <line num="135" count="20" type="stmt"/>
        <line num="137" count="20" type="stmt"/>
        <line num="138" count="4" type="stmt"/>
        <line num="139" count="4" type="stmt"/>
        <line num="140" count="4" type="cond" truecount="1" falsecount="1"/>
        <line num="141" count="0" type="stmt"/>
        <line num="144" count="0" type="stmt"/>
        <line num="146" count="4" type="stmt"/>
        <line num="150" count="20" type="stmt"/>
        <line num="151" count="8" type="stmt"/>
        <line num="152" count="8" type="cond" truecount="1" falsecount="1"/>
        <line num="153" count="0" type="stmt"/>
        <line num="154" count="8" type="stmt"/>
        <line num="155" count="8" type="cond" truecount="1" falsecount="1"/>
        <line num="156" count="8" type="stmt"/>
        <line num="161" count="20" type="stmt"/>
        <line num="162" count="12" type="cond" truecount="2" falsecount="0"/>
        <line num="163" count="8" type="stmt"/>
        <line num="167" count="20" type="stmt"/>
        <line num="168" count="4" type="cond" truecount="1" falsecount="1"/>
        <line num="169" count="4" type="stmt"/>
        <line num="170" count="0" type="stmt"/>
        <line num="171" count="0" type="stmt"/>
        <line num="174" count="0" type="stmt"/>
        <line num="175" count="0" type="cond" truecount="0" falsecount="2"/>
        <line num="176" count="0" type="stmt"/>
        <line num="177" count="0" type="stmt"/>
        <line num="178" count="0" type="cond" truecount="0" falsecount="2"/>
        <line num="179" count="0" type="stmt"/>
        <line num="180" count="0" type="stmt"/>
        <line num="182" count="0" type="stmt"/>
        <line num="183" count="0" type="stmt"/>
        <line num="184" count="0" type="cond" truecount="0" falsecount="2"/>
        <line num="185" count="0" type="stmt"/>
        <line num="186" count="0" type="stmt"/>
        <line num="188" count="0" type="stmt"/>
        <line num="189" count="0" type="stmt"/>
        <line num="190" count="0" type="stmt"/>
        <line num="200" count="0" type="stmt"/>
        <line num="203" count="0" type="cond" truecount="0" falsecount="2"/>
        <line num="204" count="0" type="stmt"/>
        <line num="206" count="0" type="cond" truecount="0" falsecount="2"/>
        <line num="207" count="0" type="stmt"/>
        <line num="210" count="0" type="cond" truecount="0" falsecount="2"/>
        <line num="211" count="0" type="stmt"/>
        <line num="213" count="0" type="stmt"/>
        <line num="216" count="0" type="stmt"/>
        <line num="219" count="2" type="stmt"/>
        <line num="220" count="2" type="stmt"/>
        <line num="221" count="2" type="cond" truecount="3" falsecount="2"/>
        <line num="222" count="0" type="stmt"/>
        <line num="223" count="2" type="stmt"/>
        <line num="224" count="2" type="stmt"/>
        <line num="231" count="2" type="stmt"/>
        <line num="232" count="2" type="stmt"/>
        <line num="233" count="2" type="stmt"/>
        <line num="234" count="2" type="stmt"/>
        <line num="235" count="2" type="stmt"/>
        <line num="236" count="2" type="stmt"/>
        <line num="237" count="2" type="cond" truecount="1" falsecount="1"/>
        <line num="240" count="2" type="cond" truecount="1" falsecount="1"/>
        <line num="248" count="2" type="stmt"/>
        <line num="254" count="2" type="stmt"/>
        <line num="255" count="2" type="stmt"/>
        <line num="256" count="2" type="stmt"/>
        <line num="257" count="2" type="stmt"/>
        <line num="261" count="1" type="stmt"/>
        <line num="262" count="1" type="stmt"/>
        <line num="265" count="1" type="stmt"/>
        <line num="266" count="1" type="stmt"/>
        <line num="267" count="1" type="stmt"/>
        <line num="268" count="1" type="stmt"/>
        <line num="269" count="1" type="stmt"/>
        <line num="270" count="1" type="stmt"/>
        <line num="274" count="0" type="stmt"/>
        <line num="275" count="0" type="stmt"/>
        <line num="276" count="0" type="cond" truecount="0" falsecount="2"/>
        <line num="277" count="0" type="stmt"/>
        <line num="280" count="0" type="stmt"/>
        <line num="281" count="0" type="cond" truecount="0" falsecount="2"/>
        <line num="282" count="0" type="stmt"/>
        <line num="285" count="0" type="stmt"/>
        <line num="286" count="0" type="stmt"/>
        <line num="289" count="20" type="stmt"/>
        <line num="290" count="8" type="stmt"/>
        <line num="291" count="12" type="stmt"/>
        <line num="292" count="12" type="stmt"/>
        <line num="293" count="12" type="stmt"/>
        <line num="300" count="20" type="stmt"/>
        <line num="353" count="24" type="stmt"/>
        <line num="360" count="0" type="stmt"/>
        <line num="373" count="79" type="stmt"/>
        <line num="381" count="0" type="cond" truecount="2" falsecount="0"/>
        <line num="384" count="8" type="cond" truecount="1" falsecount="1"/>
        <line num="401" count="24" type="stmt"/>
        <line num="402" count="24" type="stmt"/>
        <line num="403" count="24" type="stmt"/>
        <line num="404" count="24" type="stmt"/>
        <line num="405" count="24" type="cond" truecount="3" falsecount="1"/>
        <line num="411" count="0" type="cond" truecount="0" falsecount="2"/>
        <line num="438" count="0" type="stmt"/>
        <line num="456" count="24" type="stmt"/>
        <line num="457" count="24" type="cond" truecount="3" falsecount="1"/>
        <line num="458" count="24" type="stmt"/>
        <line num="459" count="0" type="cond" truecount="0" falsecount="2"/>
        <line num="460" count="0" type="cond" truecount="0" falsecount="2"/>
        <line num="461" count="0" type="stmt"/>
        <line num="462" count="0" type="cond" truecount="0" falsecount="2"/>
        <line num="463" count="0" type="stmt"/>
        <line num="464" count="0" type="stmt"/>
        <line num="467" count="0" type="cond" truecount="0" falsecount="2"/>
        <line num="468" count="0" type="stmt"/>
        <line num="469" count="0" type="cond" truecount="0" falsecount="2"/>
        <line num="470" count="0" type="stmt"/>
        <line num="471" count="0" type="stmt"/>
        <line num="475" count="26" type="stmt"/>
        <line num="476" count="26" type="cond" truecount="2" falsecount="0"/>
        <line num="483" count="2" type="stmt"/>
        <line num="496" count="6" type="stmt"/>
        <line num="500" count="26" type="stmt"/>
        <line num="501" count="26" type="stmt"/>
        <line num="502" count="7" type="cond" truecount="2" falsecount="0"/>
        <line num="504" count="26" type="stmt"/>
        <line num="508" count="24" type="stmt"/>
        <line num="512" count="24" type="stmt"/>
      </file>
      <file name="faq.jsx" path="C:\Users\ayush\OneDrive\Desktop\Project\civicGuide Ai\civic-guide-ai\src\routes\faq.jsx">
        <metrics statements="9" coveredstatements="8" conditionals="10" coveredconditionals="10" methods="5" coveredmethods="4"/>
        <line num="8" count="1" type="stmt"/>
        <line num="9" count="0" type="stmt"/>
        <line num="27" count="1" type="stmt"/>
        <line num="61" count="4" type="stmt"/>
        <line num="63" count="4" type="stmt"/>
        <line num="100" count="24" type="stmt"/>
        <line num="101" count="24" type="stmt"/>
        <line num="112" count="2" type="cond" truecount="2" falsecount="0"/>
        <line num="211" count="16" type="stmt"/>
      </file>
      <file name="index.jsx" path="C:\Users\ayush\OneDrive\Desktop\Project\civicGuide Ai\civic-guide-ai\src\routes\index.jsx">
        <metrics statements="11" coveredstatements="10" conditionals="2" coveredconditionals="2" methods="6" coveredmethods="5"/>
        <line num="19" count="1" type="stmt"/>
        <line num="20" count="0" type="stmt"/>
        <line num="38" count="1" type="stmt"/>
        <line num="73" count="1" type="stmt"/>
        <line num="80" count="1" type="stmt"/>
        <line num="86" count="1" type="stmt"/>
        <line num="96" count="2" type="stmt"/>
        <line num="174" count="6" type="stmt"/>
        <line num="221" count="8" type="stmt"/>
        <line num="268" count="8" type="stmt"/>
        <line num="341" count="12" type="stmt"/>
      </file>
      <file name="steps.jsx" path="C:\Users\ayush\OneDrive\Desktop\Project\civicGuide Ai\civic-guide-ai\src\routes\steps.jsx">
        <metrics statements="5" coveredstatements="4" conditionals="0" coveredconditionals="0" methods="3" coveredmethods="2"/>
        <line num="7" count="1" type="stmt"/>
        <line num="8" count="0" type="stmt"/>
        <line num="26" count="1" type="stmt"/>
        <line num="95" count="2" type="stmt"/>
        <line num="130" count="10" type="stmt"/>
      </file>
      <file name="timeline.jsx" path="C:\Users\ayush\OneDrive\Desktop\Project\civicGuide Ai\civic-guide-ai\src\routes\timeline.jsx">
        <metrics statements="6" coveredstatements="5" conditionals="0" coveredconditionals="0" methods="4" coveredmethods="3"/>
        <line num="7" count="1" type="stmt"/>
        <line num="8" count="0" type="stmt"/>
        <line num="26" count="1" type="stmt"/>
        <line num="75" count="2" type="stmt"/>
        <line num="119" count="10" type="stmt"/>
        <line num="166" count="10" type="stmt"/>
      </file>
    </package>
  </project>
</coverage>
