{"C:\\Users\\ayush\\OneDrive\\Desktop\\Project\\civicGuide Ai\\civic-guide-ai\\src\\components\\Footer.jsx": {"path":"C:\\Users\\ayush\\OneDrive\\Desktop\\Project\\civicGuide Ai\\civic-guide-ai\\src\\components\\Footer.jsx","statementMap":{"0":{"start":{"line":5,"column":14},"end":{"line":10,"column":1}},"1":{"start":{"line":13,"column":2},"end":{"line":74,"column":4}},"2":{"start":{"line":50,"column":16},"end":{"line":57,"column":21}}},"fnMap":{"0":{"name":"Footer","decl":{"start":{"line":12,"column":16},"end":{"line":12,"column":22}},"loc":{"start":{"line":12,"column":25},"end":{"line":75,"column":1}},"line":12},"1":{"name":"(anonymous_1)","decl":{"start":{"line":49,"column":25},"end":{"line":49,"column":26}},"loc":{"start":{"line":50,"column":16},"end":{"line":57,"column":21}},"line":50}},"branchMap":{},"s":{"0":2,"1":2,"2":8},"f":{"0":2,"1":8},"b":{},"_coverageSchema":"1a1c01bbd47fc00a2c39e90264f33305004495a9","hash":"c353482e97dbb56fb3bff18625c1d3b5e4379232"}
,"C:\\Users\\ayush\\OneDrive\\Desktop\\Project\\civicGuide Ai\\civic-guide-ai\\src\\components\\Header.jsx": {"path":"C:\\Users\\ayush\\OneDrive\\Desktop\\Project\\civicGuide Ai\\civic-guide-ai\\src\\components\\Header.jsx","statementMap":{"0":{"start":{"line":7,"column":17},"end":{"line":13,"column":1}},"1":{"start":{"line":16,"column":19},"end":{"line":16,"column":32}},"2":{"start":{"line":17,"column":38},"end":{"line":17,"column":53}},"3":{"start":{"line":18,"column":34},"end":{"line":18,"column":49}},"4":{"start":{"line":20,"column":2},"end":{"line":24,"column":9}},"5":{"start":{"line":21,"column":20},"end":{"line":21,"column":58}},"6":{"start":{"line":21,"column":26},"end":{"line":21,"column":58}},"7":{"start":{"line":22,"column":4},"end":{"line":22,"column":66}},"8":{"start":{"line":23,"column":4},"end":{"line":23,"column":63}},"9":{"start":{"line":23,"column":17},"end":{"line":23,"column":62}},"10":{"start":{"line":26,"column":2},"end":{"line":106,"column":4}},"11":{"start":{"line":51,"column":12},"end":{"line":62,"column":19}},"12":{"start":{"line":73,"column":27},"end":{"line":73,"column":51}},"13":{"start":{"line":73,"column":48},"end":{"line":73,"column":50}},"14":{"start":{"line":89,"column":12},"end":{"line":101,"column":19}},"15":{"start":{"line":92,"column":29},"end":{"line":92,"column":49}}},"fnMap":{"0":{"name":"Header","decl":{"start":{"line":15,"column":16},"end":{"line":15,"column":22}},"loc":{"start":{"line":15,"column":25},"end":{"line":107,"column":1}},"line":15},"1":{"name":"(anonymous_1)","decl":{"start":{"line":20,"column":12},"end":{"line":20,"column":13}},"loc":{"start":{"line":20,"column":18},"end":{"line":24,"column":3}},"line":20},"2":{"name":"(anonymous_2)","decl":{"start":{"line":21,"column":20},"end":{"line":21,"column":21}},"loc":{"start":{"line":21,"column":26},"end":{"line":21,"column":58}},"line":21},"3":{"name":"(anonymous_3)","decl":{"start":{"line":23,"column":11},"end":{"line":23,"column":12}},"loc":{"start":{"line":23,"column":17},"end":{"line":23,"column":62}},"line":23},"4":{"name":"(anonymous_4)","decl":{"start":{"line":50,"column":24},"end":{"line":50,"column":25}},"loc":{"start":{"line":51,"column":12},"end":{"line":62,"column":19}},"line":51},"5":{"name":"(anonymous_5)","decl":{"start":{"line":73,"column":21},"end":{"line":73,"column":22}},"loc":{"start":{"line":73,"column":27},"end":{"line":73,"column":51}},"line":73},"6":{"name":"(anonymous_6)","decl":{"start":{"line":73,"column":41},"end":{"line":73,"column":42}},"loc":{"start":{"line":73,"column":48},"end":{"line":73,"column":50}},"line":73},"7":{"name":"(anonymous_7)","decl":{"start":{"line":88,"column":24},"end":{"line":88,"column":25}},"loc":{"start":{"line":89,"column":12},"end":{"line":101,"column":19}},"line":89},"8":{"name":"(anonymous_8)","decl":{"start":{"line":92,"column":23},"end":{"line":92,"column":24}},"loc":{"start":{"line":92,"column":29},"end":{"line":92,"column":49}},"line":92}},"branchMap":{"0":{"loc":{"start":{"line":29,"column":8},"end":{"line":31,"column":75}},"type":"cond-expr","locations":[{"start":{"line":30,"column":12},"end":{"line":30,"column":101}},{"start":{"line":31,"column":12},"end":{"line":31,"column":75}}],"line":29},"1":{"loc":{"start":{"line":76,"column":13},"end":{"line":76,"column":82}},"type":"cond-expr","locations":[{"start":{"line":76,"column":26},"end":{"line":76,"column":51}},{"start":{"line":76,"column":54},"end":{"line":76,"column":82}}],"line":76},"2":{"loc":{"start":{"line":84,"column":10},"end":{"line":84,"column":68}},"type":"cond-expr","locations":[{"start":{"line":84,"column":23},"end":{"line":84,"column":56}},{"start":{"line":84,"column":59},"end":{"line":84,"column":68}}],"line":84}},"s":{"0":2,"1":2,"2":2,"3":2,"4":2,"5":2,"6":0,"7":2,"8":2,"9":2,"10":2,"11":10,"12":0,"13":0,"14":10,"15":0},"f":{"0":2,"1":2,"2":0,"3":2,"4":10,"5":0,"6":0,"7":10,"8":0},"b":{"0":[0,2],"1":[0,2],"2":[0,2]},"_coverageSchema":"1a1c01bbd47fc00a2c39e90264f33305004495a9","hash":"5c520e0116f66fc371e7d3cb9aed2a00bcc7b5d9"}
,"C:\\Users\\ayush\\OneDrive\\Desktop\\Project\\civicGuide Ai\\civic-guide-ai\\src\\components\\Layout.jsx": {"path":"C:\\Users\\ayush\\OneDrive\\Desktop\\Project\\civicGuide Ai\\civic-guide-ai\\src\\components\\Layout.jsx","statementMap":{"0":{"start":{"line":6,"column":18},"end":{"line":12,"column":1}},"1":{"start":{"line":15,"column":32},"end":{"line":15,"column":46}},"2":{"start":{"line":17,"column":2},"end":{"line":22,"column":9}},"3":{"start":{"line":18,"column":4},"end":{"line":21,"column":18}},"4":{"start":{"line":19,"column":20},"end":{"line":19,"column":54}},"5":{"start":{"line":20,"column":6},"end":{"line":20,"column":35}},"6":{"start":{"line":20,"column":17},"end":{"line":20,"column":35}},"7":{"start":{"line":24,"column":2},"end":{"line":28,"column":16}},"8":{"start":{"line":25,"column":4},"end":{"line":27,"column":18}},"9":{"start":{"line":26,"column":6},"end":{"line":26,"column":50}},"10":{"start":{"line":30,"column":2},"end":{"line":56,"column":4}},"11":{"start":{"line":43,"column":29},"end":{"line":43,"column":55}},"12":{"start":{"line":48,"column":14},"end":{"line":50,"column":23}}},"fnMap":{"0":{"name":"Layout","decl":{"start":{"line":14,"column":16},"end":{"line":14,"column":22}},"loc":{"start":{"line":14,"column":37},"end":{"line":57,"column":1}},"line":14},"1":{"name":"(anonymous_1)","decl":{"start":{"line":17,"column":12},"end":{"line":17,"column":13}},"loc":{"start":{"line":17,"column":18},"end":{"line":22,"column":3}},"line":17},"2":{"name":"(anonymous_2)","decl":{"start":{"line":24,"column":12},"end":{"line":24,"column":13}},"loc":{"start":{"line":24,"column":18},"end":{"line":28,"column":3}},"line":24},"3":{"name":"(anonymous_3)","decl":{"start":{"line":43,"column":22},"end":{"line":43,"column":23}},"loc":{"start":{"line":43,"column":29},"end":{"line":43,"column":55}},"line":43},"4":{"name":"(anonymous_4)","decl":{"start":{"line":47,"column":27},"end":{"line":47,"column":28}},"loc":{"start":{"line":48,"column":14},"end":{"line":50,"column":23}},"line":48}},"branchMap":{"0":{"loc":{"start":{"line":20,"column":6},"end":{"line":20,"column":35}},"type":"if","locations":[{"start":{"line":20,"column":6},"end":{"line":20,"column":35}},{"start":{},"end":{}}],"line":20}},"s":{"0":2,"1":1,"2":1,"3":1,"4":1,"5":1,"6":0,"7":1,"8":1,"9":1,"10":1,"11":0,"12":5},"f":{"0":1,"1":1,"2":1,"3":0,"4":5},"b":{"0":[0,1]},"_coverageSchema":"1a1c01bbd47fc00a2c39e90264f33305004495a9","hash":"cbaeaa56d2294499c525e44afb02c062f4d49c57"}
,"C:\\Users\\ayush\\OneDrive\\Desktop\\Project\\civicGuide Ai\\civic-guide-ai\\src\\hooks\\use-mobile.jsx": {"path":"C:\\Users\\ayush\\OneDrive\\Desktop\\Project\\civicGuide Ai\\civic-guide-ai\\src\\hooks\\use-mobile.jsx","statementMap":{"0":{"start":{"line":2,"column":26},"end":{"line":2,"column":29}},"1":{"start":{"line":4,"column":36},"end":{"line":4,"column":61}},"2":{"start":{"line":5,"column":4},"end":{"line":13,"column":11}},"3":{"start":{"line":6,"column":20},"end":{"line":6,"column":80}},"4":{"start":{"line":7,"column":25},"end":{"line":9,"column":9}},"5":{"start":{"line":8,"column":12},"end":{"line":8,"column":63}},"6":{"start":{"line":10,"column":8},"end":{"line":10,"column":49}},"7":{"start":{"line":11,"column":8},"end":{"line":11,"column":59}},"8":{"start":{"line":12,"column":8},"end":{"line":12,"column":65}},"9":{"start":{"line":12,"column":21},"end":{"line":12,"column":64}},"10":{"start":{"line":14,"column":4},"end":{"line":14,"column":22}}},"fnMap":{"0":{"name":"useIsMobile","decl":{"start":{"line":3,"column":16},"end":{"line":3,"column":27}},"loc":{"start":{"line":3,"column":30},"end":{"line":15,"column":1}},"line":3},"1":{"name":"(anonymous_1)","decl":{"start":{"line":5,"column":20},"end":{"line":5,"column":21}},"loc":{"start":{"line":5,"column":26},"end":{"line":13,"column":5}},"line":5},"2":{"name":"(anonymous_2)","decl":{"start":{"line":7,"column":25},"end":{"line":7,"column":26}},"loc":{"start":{"line":7,"column":31},"end":{"line":9,"column":9}},"line":7},"3":{"name":"(anonymous_3)","decl":{"start":{"line":12,"column":15},"end":{"line":12,"column":16}},"loc":{"start":{"line":12,"column":21},"end":{"line":12,"column":64}},"line":12}},"branchMap":{},"s":{"0":1,"1":4,"2":4,"3":2,"4":2,"5":0,"6":2,"7":2,"8":2,"9":2,"10":4},"f":{"0":4,"1":2,"2":0,"3":2},"b":{},"_coverageSchema":"1a1c01bbd47fc00a2c39e90264f33305004495a9","hash":"b8fafab686f8170ccdc4c5276c7770b0cd05d4ca"}
,"C:\\Users\\ayush\\OneDrive\\Desktop\\Project\\civicGuide Ai\\civic-guide-ai\\src\\lib\\utils.ts": {"path":"C:\\Users\\ayush\\OneDrive\\Desktop\\Project\\civicGuide Ai\\civic-guide-ai\\src\\lib\\utils.ts","statementMap":{"0":{"start":{"line":5,"column":2},"end":{"line":5,"column":31}}},"fnMap":{"0":{"name":"cn","decl":{"start":{"line":4,"column":16},"end":{"line":4,"column":18}},"loc":{"start":{"line":4,"column":44},"end":{"line":6,"column":1}},"line":4}},"branchMap":{},"s":{"0":2},"f":{"0":2},"b":{},"_coverageSchema":"1a1c01bbd47fc00a2c39e90264f33305004495a9","hash":"1f15c23e34a70d79086ccd9d79cd6f90483e6428"}
,"C:\\Users\\ayush\\OneDrive\\Desktop\\Project\\civicGuide Ai\\civic-guide-ai\\src\\routes\\chatbot.jsx": {"path":"C:\\Users\\ayush\\OneDrive\\Desktop\\Project\\civicGuide Ai\\civic-guide-ai\\src\\routes\\chatbot.jsx","statementMap":{"0":{"start":{"line":7,"column":21},"end":{"line":23,"column":2}},"1":{"start":{"line":8,"column":17},"end":{"line":21,"column":5}},"2":{"start":{"line":24,"column":21},"end":{"line":24,"column":189}},"3":{"start":{"line":26,"column":29},"end":{"line":62,"column":1}},"4":{"start":{"line":63,"column":29},"end":{"line":63,"column":242}},"5":{"start":{"line":64,"column":34},"end":{"line":69,"column":1}},"6":{"start":{"line":70,"column":18},"end":{"line":70,"column":19}},"7":{"start":{"line":71,"column":22},"end":{"line":71,"column":37}},"8":{"start":{"line":73,"column":18},"end":{"line":73,"column":36}},"9":{"start":{"line":74,"column":4},"end":{"line":78,"column":5}},"10":{"start":{"line":75,"column":8},"end":{"line":77,"column":9}},"11":{"start":{"line":75,"column":39},"end":{"line":75,"column":56}},"12":{"start":{"line":76,"column":12},"end":{"line":76,"column":70}},"13":{"start":{"line":79,"column":4},"end":{"line":79,"column":67}},"14":{"start":{"line":82,"column":17},"end":{"line":82,"column":62}},"15":{"start":{"line":82,"column":43},"end":{"line":82,"column":61}},"16":{"start":{"line":83,"column":17},"end":{"line":83,"column":61}},"17":{"start":{"line":83,"column":43},"end":{"line":83,"column":60}},"18":{"start":{"line":84,"column":18},"end":{"line":84,"column":20}},"19":{"start":{"line":85,"column":4},"end":{"line":93,"column":5}},"20":{"start":{"line":86,"column":8},"end":{"line":86,"column":157}},"21":{"start":{"line":88,"column":9},"end":{"line":93,"column":5}},"22":{"start":{"line":89,"column":8},"end":{"line":89,"column":130}},"23":{"start":{"line":89,"column":106},"end":{"line":89,"column":112}},"24":{"start":{"line":91,"column":9},"end":{"line":93,"column":5}},"25":{"start":{"line":92,"column":8},"end":{"line":92,"column":111}},"26":{"start":{"line":92,"column":87},"end":{"line":92,"column":93}},"27":{"start":{"line":94,"column":4},"end":{"line":100,"column":5}},"28":{"start":{"line":95,"column":26},"end":{"line":95,"column":41}},"29":{"start":{"line":96,"column":8},"end":{"line":96,"column":26}},"30":{"start":{"line":99,"column":8},"end":{"line":99,"column":246}},"31":{"start":{"line":101,"column":4},"end":{"line":101,"column":30}},"32":{"start":{"line":104,"column":4},"end":{"line":104,"column":87}},"33":{"start":{"line":107,"column":4},"end":{"line":108,"column":24}},"34":{"start":{"line":108,"column":8},"end":{"line":108,"column":24}},"35":{"start":{"line":109,"column":4},"end":{"line":110,"column":45}},"36":{"start":{"line":110,"column":8},"end":{"line":110,"column":45}},"37":{"start":{"line":111,"column":4},"end":{"line":111,"column":50}},"38":{"start":{"line":114,"column":4},"end":{"line":119,"column":7}},"39":{"start":{"line":115,"column":23},"end":{"line":115,"column":39}},"40":{"start":{"line":116,"column":8},"end":{"line":116,"column":61}},"41":{"start":{"line":116,"column":30},"end":{"line":116,"column":60}},"42":{"start":{"line":117,"column":8},"end":{"line":117,"column":52}},"43":{"start":{"line":117,"column":31},"end":{"line":117,"column":51}},"44":{"start":{"line":118,"column":8},"end":{"line":118,"column":35}},"45":{"start":{"line":122,"column":46},"end":{"line":122,"column":61}},"46":{"start":{"line":123,"column":36},"end":{"line":125,"column":6}},"47":{"start":{"line":126,"column":30},"end":{"line":126,"column":42}},"48":{"start":{"line":127,"column":32},"end":{"line":127,"column":47}},"49":{"start":{"line":128,"column":42},"end":{"line":128,"column":70}},"50":{"start":{"line":129,"column":34},"end":{"line":129,"column":46}},"51":{"start":{"line":130,"column":36},"end":{"line":130,"column":51}},"52":{"start":{"line":131,"column":30},"end":{"line":131,"column":44}},"53":{"start":{"line":132,"column":22},"end":{"line":132,"column":34}},"54":{"start":{"line":133,"column":19},"end":{"line":133,"column":31}},"55":{"start":{"line":134,"column":21},"end":{"line":134,"column":33}},"56":{"start":{"line":135,"column":25},"end":{"line":135,"column":37}},"57":{"start":{"line":137,"column":4},"end":{"line":147,"column":11}},"58":{"start":{"line":138,"column":8},"end":{"line":145,"column":9}},"59":{"start":{"line":139,"column":26},"end":{"line":139,"column":68}},"60":{"start":{"line":140,"column":12},"end":{"line":142,"column":13}},"61":{"start":{"line":141,"column":16},"end":{"line":141,"column":47}},"62":{"start":{"line":144,"column":12},"end":{"line":144,"column":61}},"63":{"start":{"line":146,"column":8},"end":{"line":146,"column":31}},"64":{"start":{"line":150,"column":4},"end":{"line":158,"column":43}},"65":{"start":{"line":151,"column":19},"end":{"line":151,"column":36}},"66":{"start":{"line":152,"column":8},"end":{"line":153,"column":19}},"67":{"start":{"line":153,"column":12},"end":{"line":153,"column":19}},"68":{"start":{"line":154,"column":35},"end":{"line":154,"column":83}},"69":{"start":{"line":155,"column":8},"end":{"line":157,"column":9}},"70":{"start":{"line":156,"column":12},"end":{"line":156,"column":70}},"71":{"start":{"line":161,"column":4},"end":{"line":165,"column":34}},"72":{"start":{"line":162,"column":8},"end":{"line":164,"column":9}},"73":{"start":{"line":163,"column":12},"end":{"line":163,"column":81}},"74":{"start":{"line":167,"column":4},"end":{"line":172,"column":16}},"75":{"start":{"line":168,"column":8},"end":{"line":169,"column":19}},"76":{"start":{"line":169,"column":12},"end":{"line":169,"column":19}},"77":{"start":{"line":170,"column":18},"end":{"line":170,"column":63}},"78":{"start":{"line":170,"column":42},"end":{"line":170,"column":56}},"79":{"start":{"line":171,"column":8},"end":{"line":171,"column":44}},"80":{"start":{"line":171,"column":21},"end":{"line":171,"column":43}},"81":{"start":{"line":174,"column":25},"end":{"line":174,"column":45}},"82":{"start":{"line":175,"column":8},"end":{"line":176,"column":19}},"83":{"start":{"line":176,"column":12},"end":{"line":176,"column":19}},"84":{"start":{"line":177,"column":31},"end":{"line":177,"column":57}},"85":{"start":{"line":178,"column":8},"end":{"line":181,"column":9}},"86":{"start":{"line":179,"column":12},"end":{"line":179,"column":77}},"87":{"start":{"line":180,"column":12},"end":{"line":180,"column":19}},"88":{"start":{"line":182,"column":25},"end":{"line":182,"column":27}},"89":{"start":{"line":183,"column":8},"end":{"line":202,"column":9}},"90":{"start":{"line":184,"column":12},"end":{"line":187,"column":13}},"91":{"start":{"line":185,"column":16},"end":{"line":185,"column":64}},"92":{"start":{"line":186,"column":16},"end":{"line":186,"column":25}},"93":{"start":{"line":188,"column":12},"end":{"line":201,"column":13}},"94":{"start":{"line":189,"column":28},"end":{"line":189,"column":57}},"95":{"start":{"line":190,"column":16},"end":{"line":197,"column":19}},"96":{"start":{"line":200,"column":16},"end":{"line":200,"column":58}},"97":{"start":{"line":203,"column":8},"end":{"line":205,"column":9}},"98":{"start":{"line":204,"column":12},"end":{"line":204,"column":99}},"99":{"start":{"line":206,"column":8},"end":{"line":207,"column":51}},"100":{"start":{"line":207,"column":12},"end":{"line":207,"column":51}},"101":{"start":{"line":207,"column":30},"end":{"line":207,"column":49}},"102":{"start":{"line":210,"column":8},"end":{"line":211,"column":45}},"103":{"start":{"line":211,"column":12},"end":{"line":211,"column":45}},"104":{"start":{"line":213,"column":8},"end":{"line":213,"column":28}},"105":{"start":{"line":216,"column":8},"end":{"line":216,"column":56}},"106":{"start":{"line":216,"column":26},"end":{"line":216,"column":54}},"107":{"start":{"line":216,"column":42},"end":{"line":216,"column":53}},"108":{"start":{"line":219,"column":24},"end":{"line":219,"column":35}},"109":{"start":{"line":220,"column":31},"end":{"line":220,"column":49}},"110":{"start":{"line":221,"column":8},"end":{"line":222,"column":19}},"111":{"start":{"line":222,"column":12},"end":{"line":222,"column":19}},"112":{"start":{"line":223,"column":28},"end":{"line":223,"column":35}},"113":{"start":{"line":224,"column":24},"end":{"line":230,"column":9}},"114":{"start":{"line":231,"column":8},"end":{"line":231,"column":44}},"115":{"start":{"line":231,"column":27},"end":{"line":231,"column":42}},"116":{"start":{"line":232,"column":8},"end":{"line":232,"column":21}},"117":{"start":{"line":233,"column":8},"end":{"line":233,"column":23}},"118":{"start":{"line":234,"column":8},"end":{"line":234,"column":24}},"119":{"start":{"line":235,"column":22},"end":{"line":235,"column":47}},"120":{"start":{"line":236,"column":8},"end":{"line":258,"column":18}},"121":{"start":{"line":237,"column":30},"end":{"line":239,"column":42}},"122":{"start":{"line":240,"column":30},"end":{"line":247,"column":46}},"123":{"start":{"line":248,"column":27},"end":{"line":253,"column":13}},"124":{"start":{"line":254,"column":12},"end":{"line":254,"column":47}},"125":{"start":{"line":254,"column":31},"end":{"line":254,"column":45}},"126":{"start":{"line":255,"column":12},"end":{"line":255,"column":38}},"127":{"start":{"line":256,"column":12},"end":{"line":256,"column":29}},"128":{"start":{"line":257,"column":12},"end":{"line":257,"column":67}},"129":{"start":{"line":257,"column":36},"end":{"line":257,"column":61}},"130":{"start":{"line":261,"column":8},"end":{"line":261,"column":27}},"131":{"start":{"line":262,"column":8},"end":{"line":262,"column":20}},"132":{"start":{"line":265,"column":8},"end":{"line":265,"column":81}},"133":{"start":{"line":266,"column":8},"end":{"line":266,"column":43}},"134":{"start":{"line":267,"column":8},"end":{"line":267,"column":23}},"135":{"start":{"line":268,"column":8},"end":{"line":268,"column":23}},"136":{"start":{"line":269,"column":8},"end":{"line":269,"column":54}},"137":{"start":{"line":270,"column":8},"end":{"line":270,"column":34}},"138":{"start":{"line":274,"column":8},"end":{"line":274,"column":27}},"139":{"start":{"line":275,"column":8},"end":{"line":275,"column":27}},"140":{"start":{"line":276,"column":8},"end":{"line":277,"column":51}},"141":{"start":{"line":277,"column":12},"end":{"line":277,"column":51}},"142":{"start":{"line":280,"column":8},"end":{"line":280,"column":27}},"143":{"start":{"line":281,"column":8},"end":{"line":282,"column":30}},"144":{"start":{"line":282,"column":12},"end":{"line":282,"column":30}},"145":{"start":{"line":285,"column":8},"end":{"line":285,"column":27}},"146":{"start":{"line":286,"column":8},"end":{"line":286,"column":27}},"147":{"start":{"line":289,"column":20},"end":{"line":299,"column":18}},"148":{"start":{"line":290,"column":8},"end":{"line":298,"column":11}},"149":{"start":{"line":291,"column":25},"end":{"line":291,"column":40}},"150":{"start":{"line":292,"column":25},"end":{"line":292,"column":40}},"151":{"start":{"line":293,"column":12},"end":{"line":297,"column":14}},"152":{"start":{"line":300,"column":4},"end":{"line":398,"column":15}},"153":{"start":{"line":353,"column":33},"end":{"line":353,"column":72}},"154":{"start":{"line":360,"column":35},"end":{"line":360,"column":112}},"155":{"start":{"line":360,"column":90},"end":{"line":360,"column":109}},"156":{"start":{"line":373,"column":42},"end":{"line":375,"column":25}},"157":{"start":{"line":373,"column":87},"end":{"line":373,"column":94}},"158":{"start":{"line":381,"column":49},"end":{"line":381,"column":78}},"159":{"start":{"line":384,"column":65},"end":{"line":384,"column":89}},"160":{"start":{"line":401,"column":19},"end":{"line":401,"column":42}},"161":{"start":{"line":402,"column":17},"end":{"line":402,"column":51}},"162":{"start":{"line":403,"column":20},"end":{"line":403,"column":50}},"163":{"start":{"line":404,"column":27},"end":{"line":404,"column":56}},"164":{"start":{"line":405,"column":4},"end":{"line":435,"column":12}},"165":{"start":{"line":411,"column":44},"end":{"line":423,"column":21}},"166":{"start":{"line":438,"column":4},"end":{"line":453,"column":12}},"167":{"start":{"line":456,"column":17},"end":{"line":456,"column":30}},"168":{"start":{"line":457,"column":4},"end":{"line":458,"column":20}},"169":{"start":{"line":458,"column":8},"end":{"line":458,"column":20}},"170":{"start":{"line":459,"column":4},"end":{"line":472,"column":5}},"171":{"start":{"line":460,"column":8},"end":{"line":461,"column":43}},"172":{"start":{"line":461,"column":12},"end":{"line":461,"column":43}},"173":{"start":{"line":462,"column":8},"end":{"line":463,"column":43}},"174":{"start":{"line":463,"column":12},"end":{"line":463,"column":43}},"175":{"start":{"line":464,"column":8},"end":{"line":464,"column":53}},"176":{"start":{"line":467,"column":8},"end":{"line":468,"column":43}},"177":{"start":{"line":468,"column":12},"end":{"line":468,"column":43}},"178":{"start":{"line":469,"column":8},"end":{"line":470,"column":43}},"179":{"start":{"line":470,"column":12},"end":{"line":470,"column":43}},"180":{"start":{"line":471,"column":8},"end":{"line":471,"column":53}},"181":{"start":{"line":475,"column":19},"end":{"line":475,"column":34}},"182":{"start":{"line":476,"column":4},"end":{"line":480,"column":12}},"183":{"start":{"line":483,"column":4},"end":{"line":493,"column":12}},"184":{"start":{"line":496,"column":4},"end":{"line":496,"column":117}},"185":{"start":{"line":500,"column":30},"end":{"line":500,"column":42}},"186":{"start":{"line":501,"column":4},"end":{"line":503,"column":13}},"187":{"start":{"line":502,"column":8},"end":{"line":502,"column":63}},"188":{"start":{"line":504,"column":4},"end":{"line":504,"column":57}},"189":{"start":{"line":508,"column":20},"end":{"line":511,"column":30}},"190":{"start":{"line":512,"column":4},"end":{"line":515,"column":34}}},"fnMap":{"0":{"name":"(anonymous_0)","decl":{"start":{"line":8,"column":10},"end":{"line":8,"column":11}},"loc":{"start":{"line":8,"column":17},"end":{"line":21,"column":5}},"line":8},"1":{"name":"findReply","decl":{"start":{"line":72,"column":16},"end":{"line":72,"column":25}},"loc":{"start":{"line":72,"column":32},"end":{"line":80,"column":1}},"line":72},"2":{"name":"(anonymous_2)","decl":{"start":{"line":75,"column":32},"end":{"line":75,"column":33}},"loc":{"start":{"line":75,"column":39},"end":{"line":75,"column":56}},"line":75},"3":{"name":"buildAttachmentReply","decl":{"start":{"line":81,"column":9},"end":{"line":81,"column":29}},"loc":{"start":{"line":81,"column":49},"end":{"line":102,"column":1}},"line":81},"4":{"name":"(anonymous_4)","decl":{"start":{"line":82,"column":36},"end":{"line":82,"column":37}},"loc":{"start":{"line":82,"column":43},"end":{"line":82,"column":61}},"line":82},"5":{"name":"(anonymous_5)","decl":{"start":{"line":83,"column":36},"end":{"line":83,"column":37}},"loc":{"start":{"line":83,"column":43},"end":{"line":83,"column":60}},"line":83},"6":{"name":"(anonymous_6)","decl":{"start":{"line":89,"column":99},"end":{"line":89,"column":100}},"loc":{"start":{"line":89,"column":106},"end":{"line":89,"column":112}},"line":89},"7":{"name":"(anonymous_7)","decl":{"start":{"line":92,"column":80},"end":{"line":92,"column":81}},"loc":{"start":{"line":92,"column":87},"end":{"line":92,"column":93}},"line":92},"8":{"name":"formatTime","decl":{"start":{"line":103,"column":16},"end":{"line":103,"column":26}},"loc":{"start":{"line":103,"column":31},"end":{"line":105,"column":1}},"line":103},"9":{"name":"formatBytes","decl":{"start":{"line":106,"column":16},"end":{"line":106,"column":27}},"loc":{"start":{"line":106,"column":31},"end":{"line":112,"column":1}},"line":106},"10":{"name":"readFileAsDataURL","decl":{"start":{"line":113,"column":9},"end":{"line":113,"column":26}},"loc":{"start":{"line":113,"column":33},"end":{"line":120,"column":1}},"line":113},"11":{"name":"(anonymous_11)","decl":{"start":{"line":114,"column":23},"end":{"line":114,"column":24}},"loc":{"start":{"line":114,"column":44},"end":{"line":119,"column":5}},"line":114},"12":{"name":"(anonymous_12)","decl":{"start":{"line":116,"column":24},"end":{"line":116,"column":25}},"loc":{"start":{"line":116,"column":30},"end":{"line":116,"column":60}},"line":116},"13":{"name":"(anonymous_13)","decl":{"start":{"line":117,"column":25},"end":{"line":117,"column":26}},"loc":{"start":{"line":117,"column":31},"end":{"line":117,"column":51}},"line":117},"14":{"name":"ChatbotPage","decl":{"start":{"line":121,"column":16},"end":{"line":121,"column":27}},"loc":{"start":{"line":121,"column":30},"end":{"line":399,"column":1}},"line":121},"15":{"name":"(anonymous_15)","decl":{"start":{"line":137,"column":14},"end":{"line":137,"column":15}},"loc":{"start":{"line":137,"column":20},"end":{"line":147,"column":5}},"line":137},"16":{"name":"(anonymous_16)","decl":{"start":{"line":150,"column":14},"end":{"line":150,"column":15}},"loc":{"start":{"line":150,"column":20},"end":{"line":158,"column":5}},"line":150},"17":{"name":"(anonymous_17)","decl":{"start":{"line":161,"column":14},"end":{"line":161,"column":15}},"loc":{"start":{"line":161,"column":20},"end":{"line":165,"column":5}},"line":161},"18":{"name":"(anonymous_18)","decl":{"start":{"line":167,"column":14},"end":{"line":167,"column":15}},"loc":{"start":{"line":167,"column":20},"end":{"line":172,"column":5}},"line":167},"19":{"name":"(anonymous_19)","decl":{"start":{"line":170,"column":36},"end":{"line":170,"column":37}},"loc":{"start":{"line":170,"column":42},"end":{"line":170,"column":56}},"line":170},"20":{"name":"(anonymous_20)","decl":{"start":{"line":171,"column":15},"end":{"line":171,"column":16}},"loc":{"start":{"line":171,"column":21},"end":{"line":171,"column":43}},"line":171},"21":{"name":"handleFiles","decl":{"start":{"line":173,"column":19},"end":{"line":173,"column":30}},"loc":{"start":{"line":173,"column":41},"end":{"line":208,"column":5}},"line":173},"22":{"name":"(anonymous_22)","decl":{"start":{"line":207,"column":23},"end":{"line":207,"column":24}},"loc":{"start":{"line":207,"column":30},"end":{"line":207,"column":49}},"line":207},"23":{"name":"onPickFiles","decl":{"start":{"line":209,"column":13},"end":{"line":209,"column":24}},"loc":{"start":{"line":209,"column":28},"end":{"line":214,"column":5}},"line":209},"24":{"name":"removePending","decl":{"start":{"line":215,"column":13},"end":{"line":215,"column":26}},"loc":{"start":{"line":215,"column":31},"end":{"line":217,"column":5}},"line":215},"25":{"name":"(anonymous_25)","decl":{"start":{"line":216,"column":19},"end":{"line":216,"column":20}},"loc":{"start":{"line":216,"column":26},"end":{"line":216,"column":54}},"line":216},"26":{"name":"(anonymous_26)","decl":{"start":{"line":216,"column":35},"end":{"line":216,"column":36}},"loc":{"start":{"line":216,"column":42},"end":{"line":216,"column":53}},"line":216},"27":{"name":"send","decl":{"start":{"line":218,"column":13},"end":{"line":218,"column":17}},"loc":{"start":{"line":218,"column":24},"end":{"line":259,"column":5}},"line":218},"28":{"name":"(anonymous_28)","decl":{"start":{"line":231,"column":20},"end":{"line":231,"column":21}},"loc":{"start":{"line":231,"column":27},"end":{"line":231,"column":42}},"line":231},"29":{"name":"(anonymous_29)","decl":{"start":{"line":236,"column":26},"end":{"line":236,"column":27}},"loc":{"start":{"line":236,"column":32},"end":{"line":258,"column":9}},"line":236},"30":{"name":"(anonymous_30)","decl":{"start":{"line":254,"column":24},"end":{"line":254,"column":25}},"loc":{"start":{"line":254,"column":31},"end":{"line":254,"column":45}},"line":254},"31":{"name":"(anonymous_31)","decl":{"start":{"line":257,"column":30},"end":{"line":257,"column":31}},"loc":{"start":{"line":257,"column":36},"end":{"line":257,"column":61}},"line":257},"32":{"name":"onSubmit","decl":{"start":{"line":260,"column":13},"end":{"line":260,"column":21}},"loc":{"start":{"line":260,"column":25},"end":{"line":263,"column":5}},"line":260},"33":{"name":"reset","decl":{"start":{"line":264,"column":19},"end":{"line":264,"column":24}},"loc":{"start":{"line":264,"column":27},"end":{"line":271,"column":5}},"line":264},"34":{"name":"onDrop","decl":{"start":{"line":273,"column":13},"end":{"line":273,"column":19}},"loc":{"start":{"line":273,"column":23},"end":{"line":278,"column":5}},"line":273},"35":{"name":"onDragOver","decl":{"start":{"line":279,"column":13},"end":{"line":279,"column":23}},"loc":{"start":{"line":279,"column":27},"end":{"line":283,"column":5}},"line":279},"36":{"name":"onDragLeave","decl":{"start":{"line":284,"column":13},"end":{"line":284,"column":24}},"loc":{"start":{"line":284,"column":28},"end":{"line":287,"column":5}},"line":284},"37":{"name":"(anonymous_37)","decl":{"start":{"line":289,"column":28},"end":{"line":289,"column":29}},"loc":{"start":{"line":289,"column":34},"end":{"line":299,"column":5}},"line":289},"38":{"name":"(anonymous_38)","decl":{"start":{"line":290,"column":28},"end":{"line":290,"column":29}},"loc":{"start":{"line":290,"column":38},"end":{"line":298,"column":9}},"line":290},"39":{"name":"(anonymous_39)","decl":{"start":{"line":353,"column":25},"end":{"line":353,"column":26}},"loc":{"start":{"line":353,"column":33},"end":{"line":353,"column":72}},"line":353},"40":{"name":"(anonymous_40)","decl":{"start":{"line":360,"column":27},"end":{"line":360,"column":28}},"loc":{"start":{"line":360,"column":35},"end":{"line":360,"column":112}},"line":360},"41":{"name":"(anonymous_41)","decl":{"start":{"line":360,"column":84},"end":{"line":360,"column":85}},"loc":{"start":{"line":360,"column":90},"end":{"line":360,"column":109}},"line":360},"42":{"name":"(anonymous_42)","decl":{"start":{"line":373,"column":31},"end":{"line":373,"column":32}},"loc":{"start":{"line":373,"column":42},"end":{"line":375,"column":25}},"line":373},"43":{"name":"(anonymous_43)","decl":{"start":{"line":373,"column":81},"end":{"line":373,"column":82}},"loc":{"start":{"line":373,"column":87},"end":{"line":373,"column":94}},"line":373},"44":{"name":"(anonymous_44)","decl":{"start":{"line":381,"column":43},"end":{"line":381,"column":44}},"loc":{"start":{"line":381,"column":49},"end":{"line":381,"column":78}},"line":381},"45":{"name":"(anonymous_45)","decl":{"start":{"line":384,"column":58},"end":{"line":384,"column":59}},"loc":{"start":{"line":384,"column":65},"end":{"line":384,"column":89}},"line":384},"46":{"name":"MessageBubble","decl":{"start":{"line":400,"column":9},"end":{"line":400,"column":22}},"loc":{"start":{"line":400,"column":36},"end":{"line":436,"column":1}},"line":400},"47":{"name":"(anonymous_47)","decl":{"start":{"line":411,"column":37},"end":{"line":411,"column":38}},"loc":{"start":{"line":411,"column":44},"end":{"line":423,"column":21}},"line":411},"48":{"name":"PendingChip","decl":{"start":{"line":437,"column":9},"end":{"line":437,"column":20}},"loc":{"start":{"line":437,"column":47},"end":{"line":454,"column":1}},"line":437},"49":{"name":"bubbleRadius","decl":{"start":{"line":455,"column":9},"end":{"line":455,"column":21}},"loc":{"start":{"line":455,"column":43},"end":{"line":473,"column":1}},"line":455},"50":{"name":"Avatar","decl":{"start":{"line":474,"column":9},"end":{"line":474,"column":15}},"loc":{"start":{"line":474,"column":26},"end":{"line":481,"column":1}},"line":474},"51":{"name":"TypingIndicator","decl":{"start":{"line":482,"column":9},"end":{"line":482,"column":24}},"loc":{"start":{"line":482,"column":27},"end":{"line":494,"column":1}},"line":482},"52":{"name":"Dot","decl":{"start":{"line":495,"column":9},"end":{"line":495,"column":12}},"loc":{"start":{"line":495,"column":24},"end":{"line":497,"column":1}},"line":495},"53":{"name":"ClientTime","decl":{"start":{"line":499,"column":9},"end":{"line":499,"column":19}},"loc":{"start":{"line":499,"column":28},"end":{"line":505,"column":1}},"line":499},"54":{"name":"(anonymous_54)","decl":{"start":{"line":501,"column":14},"end":{"line":501,"column":15}},"loc":{"start":{"line":501,"column":20},"end":{"line":503,"column":5}},"line":501},"55":{"name":"renderInlineMarkdown","decl":{"start":{"line":507,"column":9},"end":{"line":507,"column":29}},"loc":{"start":{"line":507,"column":36},"end":{"line":516,"column":1}},"line":507}},"branchMap":{"0":{"loc":{"start":{"line":75,"column":8},"end":{"line":77,"column":9}},"type":"if","locations":[{"start":{"line":75,"column":8},"end":{"line":77,"column":9}},{"start":{},"end":{}}],"line":75},"1":{"loc":{"start":{"line":85,"column":4},"end":{"line":93,"column":5}},"type":"if","locations":[{"start":{"line":85,"column":4},"end":{"line":93,"column":5}},{"start":{"line":88,"column":9},"end":{"line":93,"column":5}}],"line":85},"2":{"loc":{"start":{"line":85,"column":8},"end":{"line":85,"column":34}},"type":"binary-expr","locations":[{"start":{"line":85,"column":8},"end":{"line":85,"column":19}},{"start":{"line":85,"column":23},"end":{"line":85,"column":34}}],"line":85},"3":{"loc":{"start":{"line":86,"column":63},"end":{"line":86,"column":89}},"type":"cond-expr","locations":[{"start":{"line":86,"column":81},"end":{"line":86,"column":84}},{"start":{"line":86,"column":87},"end":{"line":86,"column":89}}],"line":86},"4":{"loc":{"start":{"line":86,"column":124},"end":{"line":86,"column":150}},"type":"cond-expr","locations":[{"start":{"line":86,"column":142},"end":{"line":86,"column":145}},{"start":{"line":86,"column":148},"end":{"line":86,"column":150}}],"line":86},"5":{"loc":{"start":{"line":88,"column":9},"end":{"line":93,"column":5}},"type":"if","locations":[{"start":{"line":88,"column":9},"end":{"line":93,"column":5}},{"start":{"line":91,"column":9},"end":{"line":93,"column":5}}],"line":88},"6":{"loc":{"start":{"line":89,"column":47},"end":{"line":89,"column":73}},"type":"cond-expr","locations":[{"start":{"line":89,"column":65},"end":{"line":89,"column":68}},{"start":{"line":89,"column":71},"end":{"line":89,"column":73}}],"line":89},"7":{"loc":{"start":{"line":91,"column":9},"end":{"line":93,"column":5}},"type":"if","locations":[{"start":{"line":91,"column":9},"end":{"line":93,"column":5}},{"start":{},"end":{}}],"line":91},"8":{"loc":{"start":{"line":92,"column":39},"end":{"line":92,"column":65}},"type":"cond-expr","locations":[{"start":{"line":92,"column":57},"end":{"line":92,"column":60}},{"start":{"line":92,"column":63},"end":{"line":92,"column":65}}],"line":92},"9":{"loc":{"start":{"line":94,"column":4},"end":{"line":100,"column":5}},"type":"if","locations":[{"start":{"line":94,"column":4},"end":{"line":100,"column":5}},{"start":{"line":98,"column":9},"end":{"line":100,"column":5}}],"line":94},"10":{"loc":{"start":{"line":107,"column":4},"end":{"line":108,"column":24}},"type":"if","locations":[{"start":{"line":107,"column":4},"end":{"line":108,"column":24}},{"start":{},"end":{}}],"line":107},"11":{"loc":{"start":{"line":109,"column":4},"end":{"line":110,"column":45}},"type":"if","locations":[{"start":{"line":109,"column":4},"end":{"line":110,"column":45}},{"start":{},"end":{}}],"line":109},"12":{"loc":{"start":{"line":140,"column":12},"end":{"line":142,"column":13}},"type":"if","locations":[{"start":{"line":140,"column":12},"end":{"line":142,"column":13}},{"start":{},"end":{}}],"line":140},"13":{"loc":{"start":{"line":152,"column":8},"end":{"line":153,"column":19}},"type":"if","locations":[{"start":{"line":152,"column":8},"end":{"line":153,"column":19}},{"start":{},"end":{}}],"line":152},"14":{"loc":{"start":{"line":155,"column":8},"end":{"line":157,"column":9}},"type":"if","locations":[{"start":{"line":155,"column":8},"end":{"line":157,"column":9}},{"start":{},"end":{}}],"line":155},"15":{"loc":{"start":{"line":162,"column":8},"end":{"line":164,"column":9}},"type":"if","locations":[{"start":{"line":162,"column":8},"end":{"line":164,"column":9}},{"start":{},"end":{}}],"line":162},"16":{"loc":{"start":{"line":168,"column":8},"end":{"line":169,"column":19}},"type":"if","locations":[{"start":{"line":168,"column":8},"end":{"line":169,"column":19}},{"start":{},"end":{}}],"line":168},"17":{"loc":{"start":{"line":175,"column":8},"end":{"line":176,"column":19}},"type":"if","locations":[{"start":{"line":175,"column":8},"end":{"line":176,"column":19}},{"start":{},"end":{}}],"line":175},"18":{"loc":{"start":{"line":178,"column":8},"end":{"line":181,"column":9}},"type":"if","locations":[{"start":{"line":178,"column":8},"end":{"line":181,"column":9}},{"start":{},"end":{}}],"line":178},"19":{"loc":{"start":{"line":184,"column":12},"end":{"line":187,"column":13}},"type":"if","locations":[{"start":{"line":184,"column":12},"end":{"line":187,"column":13}},{"start":{},"end":{}}],"line":184},"20":{"loc":{"start":{"line":194,"column":26},"end":{"line":194,"column":65}},"type":"binary-expr","locations":[{"start":{"line":194,"column":26},"end":{"line":194,"column":35}},{"start":{"line":194,"column":39},"end":{"line":194,"column":65}}],"line":194},"21":{"loc":{"start":{"line":196,"column":26},"end":{"line":196,"column":75}},"type":"cond-expr","locations":[{"start":{"line":196,"column":59},"end":{"line":196,"column":66}},{"start":{"line":196,"column":69},"end":{"line":196,"column":75}}],"line":196},"22":{"loc":{"start":{"line":203,"column":8},"end":{"line":205,"column":9}},"type":"if","locations":[{"start":{"line":203,"column":8},"end":{"line":205,"column":9}},{"start":{},"end":{}}],"line":203},"23":{"loc":{"start":{"line":206,"column":8},"end":{"line":207,"column":51}},"type":"if","locations":[{"start":{"line":206,"column":8},"end":{"line":207,"column":51}},{"start":{},"end":{}}],"line":206},"24":{"loc":{"start":{"line":210,"column":8},"end":{"line":211,"column":45}},"type":"if","locations":[{"start":{"line":210,"column":8},"end":{"line":211,"column":45}},{"start":{},"end":{}}],"line":210},"25":{"loc":{"start":{"line":221,"column":8},"end":{"line":222,"column":19}},"type":"if","locations":[{"start":{"line":221,"column":8},"end":{"line":222,"column":19}},{"start":{},"end":{}}],"line":221},"26":{"loc":{"start":{"line":221,"column":12},"end":{"line":221,"column":51}},"type":"binary-expr","locations":[{"start":{"line":221,"column":13},"end":{"line":221,"column":21}},{"start":{"line":221,"column":25},"end":{"line":221,"column":40}},{"start":{"line":221,"column":45},"end":{"line":221,"column":51}}],"line":221},"27":{"loc":{"start":{"line":229,"column":25},"end":{"line":229,"column":69}},"type":"cond-expr","locations":[{"start":{"line":229,"column":46},"end":{"line":229,"column":57}},{"start":{"line":229,"column":60},"end":{"line":229,"column":69}}],"line":229},"28":{"loc":{"start":{"line":237,"column":30},"end":{"line":239,"column":42}},"type":"cond-expr","locations":[{"start":{"line":238,"column":18},"end":{"line":238,"column":60}},{"start":{"line":239,"column":18},"end":{"line":239,"column":42}}],"line":237},"29":{"loc":{"start":{"line":240,"column":30},"end":{"line":247,"column":46}},"type":"cond-expr","locations":[{"start":{"line":241,"column":18},"end":{"line":246,"column":17}},{"start":{"line":247,"column":18},"end":{"line":247,"column":46}}],"line":240},"30":{"loc":{"start":{"line":276,"column":8},"end":{"line":277,"column":51}},"type":"if","locations":[{"start":{"line":276,"column":8},"end":{"line":277,"column":51}},{"start":{},"end":{}}],"line":276},"31":{"loc":{"start":{"line":281,"column":8},"end":{"line":282,"column":30}},"type":"if","locations":[{"start":{"line":281,"column":8},"end":{"line":282,"column":30}},{"start":{},"end":{}}],"line":281},"32":{"loc":{"start":{"line":295,"column":32},"end":{"line":295,"column":61}},"type":"binary-expr","locations":[{"start":{"line":295,"column":32},"end":{"line":295,"column":37}},{"start":{"line":295,"column":41},"end":{"line":295,"column":61}}],"line":295},"33":{"loc":{"start":{"line":296,"column":31},"end":{"line":296,"column":60}},"type":"binary-expr","locations":[{"start":{"line":296,"column":31},"end":{"line":296,"column":36}},{"start":{"line":296,"column":40},"end":{"line":296,"column":60}}],"line":296},"34":{"loc":{"start":{"line":318,"column":171},"end":{"line":318,"column":242}},"type":"cond-expr","locations":[{"start":{"line":318,"column":182},"end":{"line":318,"column":221}},{"start":{"line":318,"column":224},"end":{"line":318,"column":242}}],"line":318},"35":{"loc":{"start":{"line":320,"column":11},"end":{"line":325,"column":19}},"type":"binary-expr","locations":[{"start":{"line":320,"column":11},"end":{"line":320,"column":19}},{"start":{"line":320,"column":24},"end":{"line":325,"column":18}}],"line":320},"36":{"loc":{"start":{"line":354,"column":13},"end":{"line":354,"column":42}},"type":"binary-expr","locations":[{"start":{"line":354,"column":13},"end":{"line":354,"column":19}},{"start":{"line":354,"column":23},"end":{"line":354,"column":42}}],"line":354},"37":{"loc":{"start":{"line":359,"column":11},"end":{"line":361,"column":19}},"type":"binary-expr","locations":[{"start":{"line":359,"column":11},"end":{"line":359,"column":29}},{"start":{"line":359,"column":34},"end":{"line":361,"column":18}}],"line":359},"38":{"loc":{"start":{"line":364,"column":11},"end":{"line":366,"column":19}},"type":"binary-expr","locations":[{"start":{"line":364,"column":11},"end":{"line":364,"column":16}},{"start":{"line":364,"column":21},"end":{"line":366,"column":18}}],"line":364},"39":{"loc":{"start":{"line":369,"column":11},"end":{"line":376,"column":19}},"type":"binary-expr","locations":[{"start":{"line":369,"column":11},"end":{"line":369,"column":33}},{"start":{"line":369,"column":37},"end":{"line":369,"column":57}},{"start":{"line":369,"column":62},"end":{"line":376,"column":18}}],"line":369},"40":{"loc":{"start":{"line":381,"column":90},"end":{"line":381,"column":127}},"type":"binary-expr","locations":[{"start":{"line":381,"column":90},"end":{"line":381,"column":96}},{"start":{"line":381,"column":100},"end":{"line":381,"column":127}}],"line":381},"41":{"loc":{"start":{"line":384,"column":104},"end":{"line":386,"column":50}},"type":"cond-expr","locations":[{"start":{"line":385,"column":14},"end":{"line":385,"column":53}},{"start":{"line":386,"column":14},"end":{"line":386,"column":50}}],"line":384},"42":{"loc":{"start":{"line":387,"column":44},"end":{"line":387,"column":93}},"type":"binary-expr","locations":[{"start":{"line":387,"column":45},"end":{"line":387,"column":58}},{"start":{"line":387,"column":62},"end":{"line":387,"column":82}},{"start":{"line":387,"column":87},"end":{"line":387,"column":93}}],"line":387},"43":{"loc":{"start":{"line":405,"column":52},"end":{"line":405,"column":84}},"type":"cond-expr","locations":[{"start":{"line":405,"column":61},"end":{"line":405,"column":79}},{"start":{"line":405,"column":82},"end":{"line":405,"column":84}}],"line":405},"44":{"loc":{"start":{"line":405,"column":88},"end":{"line":405,"column":128}},"type":"cond-expr","locations":[{"start":{"line":405,"column":113},"end":{"line":405,"column":119}},{"start":{"line":405,"column":122},"end":{"line":405,"column":128}}],"line":405},"45":{"loc":{"start":{"line":406,"column":38},"end":{"line":406,"column":78}},"type":"cond-expr","locations":[{"start":{"line":406,"column":62},"end":{"line":406,"column":64}},{"start":{"line":406,"column":67},"end":{"line":406,"column":78}}],"line":406},"46":{"loc":{"start":{"line":409,"column":59},"end":{"line":409,"column":95}},"type":"cond-expr","locations":[{"start":{"line":409,"column":68},"end":{"line":409,"column":79}},{"start":{"line":409,"column":82},"end":{"line":409,"column":95}}],"line":409},"47":{"loc":{"start":{"line":410,"column":9},"end":{"line":424,"column":17}},"type":"binary-expr","locations":[{"start":{"line":410,"column":9},"end":{"line":410,"column":23}},{"start":{"line":410,"column":28},"end":{"line":424,"column":16}}],"line":410},"48":{"loc":{"start":{"line":410,"column":70},"end":{"line":410,"column":97}},"type":"cond-expr","locations":[{"start":{"line":410,"column":79},"end":{"line":410,"column":92}},{"start":{"line":410,"column":95},"end":{"line":410,"column":97}}],"line":410},"49":{"loc":{"start":{"line":411,"column":44},"end":{"line":423,"column":21}},"type":"cond-expr","locations":[{"start":{"line":411,"column":66},"end":{"line":413,"column":20}},{"start":{"line":413,"column":25},"end":{"line":423,"column":20}}],"line":411},"50":{"loc":{"start":{"line":413,"column":191},"end":{"line":415,"column":80}},"type":"cond-expr","locations":[{"start":{"line":414,"column":22},"end":{"line":414,"column":132}},{"start":{"line":415,"column":22},"end":{"line":415,"column":80}}],"line":413},"51":{"loc":{"start":{"line":419,"column":49},"end":{"line":419,"column":112}},"type":"cond-expr","locations":[{"start":{"line":419,"column":58},"end":{"line":419,"column":86}},{"start":{"line":419,"column":89},"end":{"line":419,"column":112}}],"line":419},"52":{"loc":{"start":{"line":425,"column":9},"end":{"line":429,"column":17}},"type":"binary-expr","locations":[{"start":{"line":425,"column":9},"end":{"line":425,"column":16}},{"start":{"line":425,"column":21},"end":{"line":429,"column":16}}],"line":425},"53":{"loc":{"start":{"line":425,"column":104},"end":{"line":427,"column":43}},"type":"cond-expr","locations":[{"start":{"line":426,"column":18},"end":{"line":426,"column":78}},{"start":{"line":427,"column":18},"end":{"line":427,"column":43}}],"line":425},"54":{"loc":{"start":{"line":430,"column":9},"end":{"line":433,"column":17}},"type":"binary-expr","locations":[{"start":{"line":430,"column":9},"end":{"line":430,"column":30}},{"start":{"line":430,"column":35},"end":{"line":433,"column":16}}],"line":430},"55":{"loc":{"start":{"line":430,"column":117},"end":{"line":430,"column":149}},"type":"cond-expr","locations":[{"start":{"line":430,"column":126},"end":{"line":430,"column":144}},{"start":{"line":430,"column":147},"end":{"line":430,"column":149}}],"line":430},"56":{"loc":{"start":{"line":432,"column":13},"end":{"line":432,"column":87}},"type":"binary-expr","locations":[{"start":{"line":432,"column":13},"end":{"line":432,"column":19}},{"start":{"line":432,"column":23},"end":{"line":432,"column":87}}],"line":432},"57":{"loc":{"start":{"line":439,"column":7},"end":{"line":441,"column":16}},"type":"cond-expr","locations":[{"start":{"line":439,"column":38},"end":{"line":439,"column":133}},{"start":{"line":439,"column":138},"end":{"line":441,"column":15}}],"line":439},"58":{"loc":{"start":{"line":445,"column":11},"end":{"line":447,"column":58}},"type":"cond-expr","locations":[{"start":{"line":445,"column":42},"end":{"line":447,"column":19}},{"start":{"line":447,"column":24},"end":{"line":447,"column":57}}],"line":445},"59":{"loc":{"start":{"line":457,"column":4},"end":{"line":458,"column":20}},"type":"if","locations":[{"start":{"line":457,"column":4},"end":{"line":458,"column":20}},{"start":{},"end":{}}],"line":457},"60":{"loc":{"start":{"line":457,"column":8},"end":{"line":457,"column":21}},"type":"binary-expr","locations":[{"start":{"line":457,"column":8},"end":{"line":457,"column":13}},{"start":{"line":457,"column":17},"end":{"line":457,"column":21}}],"line":457},"61":{"loc":{"start":{"line":459,"column":4},"end":{"line":472,"column":5}},"type":"if","locations":[{"start":{"line":459,"column":4},"end":{"line":472,"column":5}},{"start":{"line":466,"column":9},"end":{"line":472,"column":5}}],"line":459},"62":{"loc":{"start":{"line":460,"column":8},"end":{"line":461,"column":43}},"type":"if","locations":[{"start":{"line":460,"column":8},"end":{"line":461,"column":43}},{"start":{},"end":{}}],"line":460},"63":{"loc":{"start":{"line":462,"column":8},"end":{"line":463,"column":43}},"type":"if","locations":[{"start":{"line":462,"column":8},"end":{"line":463,"column":43}},{"start":{},"end":{}}],"line":462},"64":{"loc":{"start":{"line":467,"column":8},"end":{"line":468,"column":43}},"type":"if","locations":[{"start":{"line":467,"column":8},"end":{"line":468,"column":43}},{"start":{},"end":{}}],"line":467},"65":{"loc":{"start":{"line":469,"column":8},"end":{"line":470,"column":43}},"type":"if","locations":[{"start":{"line":469,"column":8},"end":{"line":470,"column":43}},{"start":{},"end":{}}],"line":469},"66":{"loc":{"start":{"line":476,"column":122},"end":{"line":478,"column":74}},"type":"cond-expr","locations":[{"start":{"line":477,"column":14},"end":{"line":477,"column":48}},{"start":{"line":478,"column":14},"end":{"line":478,"column":74}}],"line":476},"67":{"loc":{"start":{"line":479,"column":7},"end":{"line":479,"column":72}},"type":"cond-expr","locations":[{"start":{"line":479,"column":16},"end":{"line":479,"column":43}},{"start":{"line":479,"column":46},"end":{"line":479,"column":72}}],"line":479},"68":{"loc":{"start":{"line":502,"column":17},"end":{"line":502,"column":61}},"type":"cond-expr","locations":[{"start":{"line":502,"column":22},"end":{"line":502,"column":36}},{"start":{"line":502,"column":39},"end":{"line":502,"column":61}}],"line":502}},"s":{"0":2,"1":0,"2":2,"3":2,"4":2,"5":2,"6":2,"7":2,"8":8,"9":8,"10":15,"11":39,"12":7,"13":1,"14":0,"15":0,"16":0,"17":0,"18":0,"19":0,"20":0,"21":0,"22":0,"23":0,"24":0,"25":0,"26":0,"27":0,"28":0,"29":0,"30":0,"31":0,"32":8,"33":3,"34":1,"35":2,"36":1,"37":1,"38":0,"39":0,"40":0,"41":0,"42":0,"43":0,"44":0,"45":20,"46":20,"47":20,"48":20,"49":20,"50":20,"51":20,"52":20,"53":20,"54":20,"55":20,"56":20,"57":20,"58":4,"59":4,"60":4,"61":0,"62":0,"63":4,"64":20,"65":8,"66":8,"67":0,"68":8,"69":8,"70":8,"71":20,"72":12,"73":8,"74":20,"75":4,"76":4,"77":0,"78":0,"79":0,"80":0,"81":0,"82":0,"83":0,"84":0,"85":0,"86":0,"87":0,"88":0,"89":0,"90":0,"91":0,"92":0,"93":0,"94":0,"95":0,"96":0,"97":0,"98":0,"99":0,"100":0,"101":0,"102":0,"103":0,"104":0,"105":0,"106":0,"107":0,"108":2,"109":2,"110":2,"111":0,"112":2,"113":2,"114":2,"115":2,"116":2,"117":2,"118":2,"119":2,"120":2,"121":2,"122":2,"123":2,"124":2,"125":2,"126":2,"127":2,"128":2,"129":1,"130":1,"131":1,"132":1,"133":1,"134":1,"135":1,"136":1,"137":1,"138":0,"139":0,"140":0,"141":0,"142":0,"143":0,"144":0,"145":0,"146":0,"147":20,"148":8,"149":12,"150":12,"151":12,"152":20,"153":24,"154":0,"155":0,"156":79,"157":1,"158":0,"159":8,"160":24,"161":24,"162":24,"163":24,"164":24,"165":0,"166":0,"167":24,"168":24,"169":24,"170":0,"171":0,"172":0,"173":0,"174":0,"175":0,"176":0,"177":0,"178":0,"179":0,"180":0,"181":26,"182":26,"183":2,"184":6,"185":26,"186":26,"187":7,"188":26,"189":24,"190":24},"f":{"0":0,"1":8,"2":39,"3":0,"4":0,"5":0,"6":0,"7":0,"8":8,"9":3,"10":0,"11":0,"12":0,"13":0,"14":20,"15":4,"16":8,"17":12,"18":4,"19":0,"20":0,"21":0,"22":0,"23":0,"24":0,"25":0,"26":0,"27":2,"28":2,"29":2,"30":2,"31":1,"32":1,"33":1,"34":0,"35":0,"36":0,"37":8,"38":12,"39":24,"40":0,"41":0,"42":79,"43":1,"44":0,"45":8,"46":24,"47":0,"48":0,"49":24,"50":26,"51":2,"52":6,"53":26,"54":7,"55":24},"b":{"0":[7,8],"1":[0,0],"2":[0,0],"3":[0,0],"4":[0,0],"5":[0,0],"6":[0,0],"7":[0,0],"8":[0,0],"9":[0,0],"10":[1,2],"11":[1,1],"12":[0,4],"13":[0,8],"14":[8,0],"15":[8,4],"16":[4,0],"17":[0,0],"18":[0,0],"19":[0,0],"20":[0,0],"21":[0,0],"22":[0,0],"23":[0,0],"24":[0,0],"25":[0,2],"26":[2,0,2],"27":[0,2],"28":[0,2],"29":[0,2],"30":[0,0],"31":[0,0],"32":[12,4],"33":[12,4],"34":[0,20],"35":[20,0],"36":[20,2],"37":[20,0],"38":[20,0],"39":[20,20,20],"40":[20,18],"41":[0,20],"42":[20,12,8],"43":[3,21],"44":[24,0],"45":[24,0],"46":[3,21],"47":[24,0],"48":[0,0],"49":[0,0],"50":[0,0],"51":[0,0],"52":[24,24],"53":[3,21],"54":[24,24],"55":[3,21],"56":[24,3],"57":[0,0],"58":[0,0],"59":[24,0],"60":[24,24],"61":[0,0],"62":[0,0],"63":[0,0],"64":[0,0],"65":[0,0],"66":[3,23],"67":[3,23],"68":[3,4]},"_coverageSchema":"1a1c01bbd47fc00a2c39e90264f33305004495a9","hash":"830dc258b02c900dceb5a9c3a070ca203d2ecc64"}
,"C:\\Users\\ayush\\OneDrive\\Desktop\\Project\\civicGuide Ai\\civic-guide-ai\\src\\routes\\faq.jsx": {"path":"C:\\Users\\ayush\\OneDrive\\Desktop\\Project\\civicGuide Ai\\civic-guide-ai\\src\\routes\\faq.jsx","statementMap":{"0":{"start":{"line":8,"column":21},"end":{"line":25,"column":2}},"1":{"start":{"line":9,"column":15},"end":{"line":23,"column":3}},"2":{"start":{"line":27,"column":13},"end":{"line":58,"column":1}},"3":{"start":{"line":61,"column":26},"end":{"line":61,"column":37}},"4":{"start":{"line":63,"column":2},"end":{"line":222,"column":4}},"5":{"start":{"line":100,"column":29},"end":{"line":100,"column":39}},"6":{"start":{"line":101,"column":14},"end":{"line":153,"column":16}},"7":{"start":{"line":112,"column":35},"end":{"line":112,"column":61}},"8":{"start":{"line":211,"column":18},"end":{"line":214,"column":23}}},"fnMap":{"0":{"name":"(anonymous_0)","decl":{"start":{"line":9,"column":8},"end":{"line":9,"column":9}},"loc":{"start":{"line":9,"column":15},"end":{"line":23,"column":3}},"line":9},"1":{"name":"FaqPage","decl":{"start":{"line":60,"column":16},"end":{"line":60,"column":23}},"loc":{"start":{"line":60,"column":26},"end":{"line":223,"column":1}},"line":60},"2":{"name":"(anonymous_2)","decl":{"start":{"line":99,"column":22},"end":{"line":99,"column":23}},"loc":{"start":{"line":99,"column":35},"end":{"line":154,"column":13}},"line":99},"3":{"name":"(anonymous_3)","decl":{"start":{"line":112,"column":29},"end":{"line":112,"column":30}},"loc":{"start":{"line":112,"column":35},"end":{"line":112,"column":61}},"line":112},"4":{"name":"(anonymous_4)","decl":{"start":{"line":210,"column":22},"end":{"line":210,"column":23}},"loc":{"start":{"line":211,"column":18},"end":{"line":214,"column":23}},"line":211}},"branchMap":{"0":{"loc":{"start":{"line":105,"column":20},"end":{"line":107,"column":128}},"type":"cond-expr","locations":[{"start":{"line":106,"column":24},"end":{"line":106,"column":71}},{"start":{"line":107,"column":24},"end":{"line":107,"column":128}}],"line":105},"1":{"loc":{"start":{"line":112,"column":43},"end":{"line":112,"column":60}},"type":"cond-expr","locations":[{"start":{"line":112,"column":52},"end":{"line":112,"column":56}},{"start":{"line":112,"column":59},"end":{"line":112,"column":60}}],"line":112},"2":{"loc":{"start":{"line":121,"column":26},"end":{"line":123,"column":69}},"type":"cond-expr","locations":[{"start":{"line":122,"column":30},"end":{"line":122,"column":77}},{"start":{"line":123,"column":30},"end":{"line":123,"column":69}}],"line":121},"3":{"loc":{"start":{"line":135,"column":24},"end":{"line":135,"column":50}},"type":"cond-expr","locations":[{"start":{"line":135,"column":33},"end":{"line":135,"column":45}},{"start":{"line":135,"column":48},"end":{"line":135,"column":50}}],"line":135},"4":{"loc":{"start":{"line":143,"column":22},"end":{"line":143,"column":90}},"type":"cond-expr","locations":[{"start":{"line":143,"column":31},"end":{"line":143,"column":60}},{"start":{"line":143,"column":63},"end":{"line":143,"column":90}}],"line":143}},"s":{"0":1,"1":0,"2":1,"3":4,"4":4,"5":24,"6":24,"7":2,"8":16},"f":{"0":0,"1":4,"2":24,"3":2,"4":16},"b":{"0":[3,21],"1":[1,1],"2":[3,21],"3":[3,21],"4":[3,21]},"_coverageSchema":"1a1c01bbd47fc00a2c39e90264f33305004495a9","hash":"e07e5da7b6c69cdfe4890ae764d4516e369b3c50"}
,"C:\\Users\\ayush\\OneDrive\\Desktop\\Project\\civicGuide Ai\\civic-guide-ai\\src\\routes\\index.jsx": {"path":"C:\\Users\\ayush\\OneDrive\\Desktop\\Project\\civicGuide Ai\\civic-guide-ai\\src\\routes\\index.jsx","statementMap":{"0":{"start":{"line":19,"column":21},"end":{"line":36,"column":2}},"1":{"start":{"line":20,"column":15},"end":{"line":34,"column":3}},"2":{"start":{"line":38,"column":17},"end":{"line":71,"column":1}},"3":{"start":{"line":73,"column":14},"end":{"line":78,"column":1}},"4":{"start":{"line":80,"column":14},"end":{"line":84,"column":1}},"5":{"start":{"line":86,"column":22},"end":{"line":93,"column":1}},"6":{"start":{"line":96,"column":2},"end":{"line":421,"column":4}},"7":{"start":{"line":174,"column":16},"end":{"line":177,"column":22}},"8":{"start":{"line":221,"column":14},"end":{"line":234,"column":20}},"9":{"start":{"line":268,"column":14},"end":{"line":293,"column":21}},"10":{"start":{"line":341,"column":16},"end":{"line":358,"column":22}}},"fnMap":{"0":{"name":"(anonymous_0)","decl":{"start":{"line":20,"column":8},"end":{"line":20,"column":9}},"loc":{"start":{"line":20,"column":15},"end":{"line":34,"column":3}},"line":20},"1":{"name":"Home","decl":{"start":{"line":95,"column":16},"end":{"line":95,"column":20}},"loc":{"start":{"line":95,"column":23},"end":{"line":422,"column":1}},"line":95},"2":{"name":"(anonymous_2)","decl":{"start":{"line":173,"column":25},"end":{"line":173,"column":26}},"loc":{"start":{"line":174,"column":16},"end":{"line":177,"column":22}},"line":174},"3":{"name":"(anonymous_3)","decl":{"start":{"line":220,"column":23},"end":{"line":220,"column":24}},"loc":{"start":{"line":221,"column":14},"end":{"line":234,"column":20}},"line":221},"4":{"name":"(anonymous_4)","decl":{"start":{"line":267,"column":26},"end":{"line":267,"column":27}},"loc":{"start":{"line":268,"column":14},"end":{"line":293,"column":21}},"line":268},"5":{"name":"(anonymous_5)","decl":{"start":{"line":340,"column":33},"end":{"line":340,"column":34}},"loc":{"start":{"line":341,"column":16},"end":{"line":358,"column":22}},"line":341}},"branchMap":{"0":{"loc":{"start":{"line":224,"column":18},"end":{"line":224,"column":81}},"type":"cond-expr","locations":[{"start":{"line":224,"column":43},"end":{"line":224,"column":76}},{"start":{"line":224,"column":79},"end":{"line":224,"column":81}}],"line":224}},"s":{"0":1,"1":0,"2":1,"3":1,"4":1,"5":1,"6":2,"7":6,"8":8,"9":8,"10":12},"f":{"0":0,"1":2,"2":6,"3":8,"4":8,"5":12},"b":{"0":[6,2]},"_coverageSchema":"1a1c01bbd47fc00a2c39e90264f33305004495a9","hash":"c9745418c7538560011370c8541fa088203ae66e"}
,"C:\\Users\\ayush\\OneDrive\\Desktop\\Project\\civicGuide Ai\\civic-guide-ai\\src\\routes\\steps.jsx": {"path":"C:\\Users\\ayush\\OneDrive\\Desktop\\Project\\civicGuide Ai\\civic-guide-ai\\src\\routes\\steps.jsx","statementMap":{"0":{"start":{"line":7,"column":21},"end":{"line":24,"column":2}},"1":{"start":{"line":8,"column":15},"end":{"line":22,"column":3}},"2":{"start":{"line":26,"column":14},"end":{"line":92,"column":1}},"3":{"start":{"line":95,"column":2},"end":{"line":220,"column":4}},"4":{"start":{"line":130,"column":12},"end":{"line":181,"column":17}}},"fnMap":{"0":{"name":"(anonymous_0)","decl":{"start":{"line":8,"column":8},"end":{"line":8,"column":9}},"loc":{"start":{"line":8,"column":15},"end":{"line":22,"column":3}},"line":8},"1":{"name":"StepsPage","decl":{"start":{"line":94,"column":16},"end":{"line":94,"column":25}},"loc":{"start":{"line":94,"column":28},"end":{"line":221,"column":1}},"line":94},"2":{"name":"(anonymous_2)","decl":{"start":{"line":129,"column":21},"end":{"line":129,"column":22}},"loc":{"start":{"line":130,"column":12},"end":{"line":181,"column":17}},"line":130}},"branchMap":{},"s":{"0":1,"1":0,"2":1,"3":2,"4":10},"f":{"0":0,"1":2,"2":10},"b":{},"_coverageSchema":"1a1c01bbd47fc00a2c39e90264f33305004495a9","hash":"5243e9284e4f51117e6f26f2f14d848d9efdc993"}
,"C:\\Users\\ayush\\OneDrive\\Desktop\\Project\\civicGuide Ai\\civic-guide-ai\\src\\routes\\timeline.jsx": {"path":"C:\\Users\\ayush\\OneDrive\\Desktop\\Project\\civicGuide Ai\\civic-guide-ai\\src\\routes\\timeline.jsx","statementMap":{"0":{"start":{"line":7,"column":21},"end":{"line":24,"column":2}},"1":{"start":{"line":8,"column":15},"end":{"line":22,"column":3}},"2":{"start":{"line":26,"column":15},"end":{"line":72,"column":1}},"3":{"start":{"line":75,"column":2},"end":{"line":211,"column":4}},"4":{"start":{"line":119,"column":14},"end":{"line":151,"column":20}},"5":{"start":{"line":166,"column":14},"end":{"line":194,"column":19}}},"fnMap":{"0":{"name":"(anonymous_0)","decl":{"start":{"line":8,"column":8},"end":{"line":8,"column":9}},"loc":{"start":{"line":8,"column":15},"end":{"line":22,"column":3}},"line":8},"1":{"name":"TimelinePage","decl":{"start":{"line":74,"column":16},"end":{"line":74,"column":28}},"loc":{"start":{"line":74,"column":31},"end":{"line":212,"column":1}},"line":74},"2":{"name":"(anonymous_2)","decl":{"start":{"line":118,"column":24},"end":{"line":118,"column":25}},"loc":{"start":{"line":119,"column":14},"end":{"line":151,"column":20}},"line":119},"3":{"name":"(anonymous_3)","decl":{"start":{"line":165,"column":24},"end":{"line":165,"column":25}},"loc":{"start":{"line":166,"column":14},"end":{"line":194,"column":19}},"line":166}},"branchMap":{},"s":{"0":1,"1":0,"2":1,"3":2,"4":10,"5":10},"f":{"0":0,"1":2,"2":10,"3":10},"b":{},"_coverageSchema":"1a1c01bbd47fc00a2c39e90264f33305004495a9","hash":"a3ab6c3686d10005c97d1e7681cc4f4459d66875"}
}
