TN:
SF:src\components\Footer.jsx
FN:12,Footer
FN:49,(anonymous_1)
FNF:2
FNH:2
FNDA:2,Footer
FNDA:8,(anonymous_1)
DA:5,2
DA:13,2
DA:50,8
LF:3
LH:3
BRF:0
BRH:0
end_of_record
TN:
SF:src\components\Header.jsx
FN:15,Header
FN:20,(anonymous_1)
FN:21,(anonymous_2)
FN:23,(anonymous_3)
FN:50,(anonymous_4)
FN:73,(anonymous_5)
FN:73,(anonymous_6)
FN:88,(anonymous_7)
FN:92,(anonymous_8)
FNF:9
FNH:5
FNDA:2,Header
FNDA:2,(anonymous_1)
FNDA:0,(anonymous_2)
FNDA:2,(anonymous_3)
FNDA:10,(anonymous_4)
FNDA:0,(anonymous_5)
FNDA:0,(anonymous_6)
FNDA:10,(anonymous_7)
FNDA:0,(anonymous_8)
DA:7,2
DA:16,2
DA:17,2
DA:18,2
DA:20,2
DA:21,2
DA:22,2
DA:23,2
DA:26,2
DA:51,10
DA:73,0
DA:89,10
DA:92,0
LF:13
LH:11
BRDA:29,0,0,0
BRDA:29,0,1,2
BRDA:76,1,0,0
BRDA:76,1,1,2
BRDA:84,2,0,0
BRDA:84,2,1,2
BRF:6
BRH:3
end_of_record
TN:
SF:src\components\Layout.jsx
FN:14,Layout
FN:17,(anonymous_1)
FN:24,(anonymous_2)
FN:43,(anonymous_3)
FN:47,(anonymous_4)
FNF:5
FNH:4
FNDA:1,Layout
FNDA:1,(anonymous_1)
FNDA:1,(anonymous_2)
FNDA:0,(anonymous_3)
FNDA:5,(anonymous_4)
DA:6,2
DA:15,1
DA:17,1
DA:18,1
DA:19,1
DA:20,1
DA:24,1
DA:25,1
DA:26,1
DA:30,1
DA:43,0
DA:48,5
LF:12
LH:11
BRDA:20,0,0,0
BRDA:20,0,1,1
BRF:2
BRH:1
end_of_record
TN:
SF:src\hooks\use-mobile.jsx
FN:3,useIsMobile
FN:5,(anonymous_1)
FN:7,(anonymous_2)
FN:12,(anonymous_3)
FNF:4
FNH:3
FNDA:4,useIsMobile
FNDA:2,(anonymous_1)
FNDA:0,(anonymous_2)
FNDA:2,(anonymous_3)
DA:2,1
DA:4,4
DA:5,4
DA:6,2
DA:7,2
DA:8,0
DA:10,2
DA:11,2
DA:12,2
DA:14,4
LF:10
LH:9
BRF:0
BRH:0
end_of_record
TN:
SF:src\lib\utils.ts
FN:4,cn
FNF:1
FNH:1
FNDA:2,cn
DA:5,2
LF:1
LH:1
BRF:0
BRH:0
end_of_record
TN:
SF:src\routes\chatbot.jsx
FN:8,(anonymous_0)
FN:72,findReply
FN:75,(anonymous_2)
FN:81,buildAttachmentReply
FN:82,(anonymous_4)
FN:83,(anonymous_5)
FN:89,(anonymous_6)
FN:92,(anonymous_7)
FN:103,formatTime
FN:106,formatBytes
FN:113,readFileAsDataURL
FN:114,(anonymous_11)
FN:116,(anonymous_12)
FN:117,(anonymous_13)
FN:121,ChatbotPage
FN:137,(anonymous_15)
FN:150,(anonymous_16)
FN:161,(anonymous_17)
FN:167,(anonymous_18)
FN:170,(anonymous_19)
FN:171,(anonymous_20)
FN:173,handleFiles
FN:207,(anonymous_22)
FN:209,onPickFiles
FN:215,removePending
FN:216,(anonymous_25)
FN:216,(anonymous_26)
FN:218,send
FN:231,(anonymous_28)
FN:236,(anonymous_29)
FN:254,(anonymous_30)
FN:257,(anonymous_31)
FN:260,onSubmit
FN:264,reset
FN:273,onDrop
FN:279,onDragOver
FN:284,onDragLeave
FN:289,(anonymous_37)
FN:290,(anonymous_38)
FN:353,(anonymous_39)
FN:360,(anonymous_40)
FN:360,(anonymous_41)
FN:373,(anonymous_42)
FN:373,(anonymous_43)
FN:381,(anonymous_44)
FN:384,(anonymous_45)
FN:400,MessageBubble
FN:411,(anonymous_47)
FN:437,PendingChip
FN:455,bubbleRadius
FN:474,Avatar
FN:482,TypingIndicator
FN:495,Dot
FN:499,ClientTime
FN:501,(anonymous_54)
FN:507,renderInlineMarkdown
FNF:56
FNH:30
FNDA:0,(anonymous_0)
FNDA:8,findReply
FNDA:39,(anonymous_2)
FNDA:0,buildAttachmentReply
FNDA:0,(anonymous_4)
FNDA:0,(anonymous_5)
FNDA:0,(anonymous_6)
FNDA:0,(anonymous_7)
FNDA:8,formatTime
FNDA:3,formatBytes
FNDA:0,readFileAsDataURL
FNDA:0,(anonymous_11)
FNDA:0,(anonymous_12)
FNDA:0,(anonymous_13)
FNDA:20,ChatbotPage
FNDA:4,(anonymous_15)
FNDA:8,(anonymous_16)
FNDA:12,(anonymous_17)
FNDA:4,(anonymous_18)
FNDA:0,(anonymous_19)
FNDA:0,(anonymous_20)
FNDA:0,handleFiles
FNDA:0,(anonymous_22)
FNDA:0,onPickFiles
FNDA:0,removePending
FNDA:0,(anonymous_25)
FNDA:0,(anonymous_26)
FNDA:2,send
FNDA:2,(anonymous_28)
FNDA:2,(anonymous_29)
FNDA:2,(anonymous_30)
FNDA:1,(anonymous_31)
FNDA:1,onSubmit
FNDA:1,reset
FNDA:0,onDrop
FNDA:0,onDragOver
FNDA:0,onDragLeave
FNDA:8,(anonymous_37)
FNDA:12,(anonymous_38)
FNDA:24,(anonymous_39)
FNDA:0,(anonymous_40)
FNDA:0,(anonymous_41)
FNDA:79,(anonymous_42)
FNDA:1,(anonymous_43)
FNDA:0,(anonymous_44)
FNDA:8,(anonymous_45)
FNDA:24,MessageBubble
FNDA:0,(anonymous_47)
FNDA:0,PendingChip
FNDA:24,bubbleRadius
FNDA:26,Avatar
FNDA:2,TypingIndicator
FNDA:6,Dot
FNDA:26,ClientTime
FNDA:7,(anonymous_54)
FNDA:24,renderInlineMarkdown
DA:7,2
DA:8,0
DA:24,2
DA:26,2
DA:63,2
DA:64,2
DA:70,2
DA:71,2
DA:73,8
DA:74,8
DA:75,39
DA:76,7
DA:79,1
DA:82,0
DA:83,0
DA:84,0
DA:85,0
DA:86,0
DA:88,0
DA:89,0
DA:91,0
DA:92,0
DA:94,0
DA:95,0
DA:96,0
DA:99,0
DA:101,0
DA:104,8
DA:107,3
DA:108,1
DA:109,2
DA:110,1
DA:111,1
DA:114,0
DA:115,0
DA:116,0
DA:117,0
DA:118,0
DA:122,20
DA:123,20
DA:126,20
DA:127,20
DA:128,20
DA:129,20
DA:130,20
DA:131,20
DA:132,20
DA:133,20
DA:134,20
DA:135,20
DA:137,20
DA:138,4
DA:139,4
DA:140,4
DA:141,0
DA:144,0
DA:146,4
DA:150,20
DA:151,8
DA:152,8
DA:153,0
DA:154,8
DA:155,8
DA:156,8
DA:161,20
DA:162,12
DA:163,8
DA:167,20
DA:168,4
DA:169,4
DA:170,0
DA:171,0
DA:174,0
DA:175,0
DA:176,0
DA:177,0
DA:178,0
DA:179,0
DA:180,0
DA:182,0
DA:183,0
DA:184,0
DA:185,0
DA:186,0
DA:188,0
DA:189,0
DA:190,0
DA:200,0
DA:203,0
DA:204,0
DA:206,0
DA:207,0
DA:210,0
DA:211,0
DA:213,0
DA:216,0
DA:219,2
DA:220,2
DA:221,2
DA:222,0
DA:223,2
DA:224,2
DA:231,2
DA:232,2
DA:233,2
DA:234,2
DA:235,2
DA:236,2
DA:237,2
DA:240,2
DA:248,2
DA:254,2
DA:255,2
DA:256,2
DA:257,2
DA:261,1
DA:262,1
DA:265,1
DA:266,1
DA:267,1
DA:268,1
DA:269,1
DA:270,1
DA:274,0
DA:275,0
DA:276,0
DA:277,0
DA:280,0
DA:281,0
DA:282,0
DA:285,0
DA:286,0
DA:289,20
DA:290,8
DA:291,12
DA:292,12
DA:293,12
DA:300,20
DA:353,24
DA:360,0
DA:373,79
DA:381,0
DA:384,8
DA:401,24
DA:402,24
DA:403,24
DA:404,24
DA:405,24
DA:411,0
DA:438,0
DA:456,24
DA:457,24
DA:458,24
DA:459,0
DA:460,0
DA:461,0
DA:462,0
DA:463,0
DA:464,0
DA:467,0
DA:468,0
DA:469,0
DA:470,0
DA:471,0
DA:475,26
DA:476,26
DA:483,2
DA:496,6
DA:500,26
DA:501,26
DA:502,7
DA:504,26
DA:508,24
DA:512,24
LF:174
LH:100
BRDA:75,0,0,7
BRDA:75,0,1,8
BRDA:85,1,0,0
BRDA:85,1,1,0
BRDA:85,2,0,0
BRDA:85,2,1,0
BRDA:86,3,0,0
BRDA:86,3,1,0
BRDA:86,4,0,0
BRDA:86,4,1,0
BRDA:88,5,0,0
BRDA:88,5,1,0
BRDA:89,6,0,0
BRDA:89,6,1,0
BRDA:91,7,0,0
BRDA:91,7,1,0
BRDA:92,8,0,0
BRDA:92,8,1,0
BRDA:94,9,0,0
BRDA:94,9,1,0
BRDA:107,10,0,1
BRDA:107,10,1,2
BRDA:109,11,0,1
BRDA:109,11,1,1
BRDA:140,12,0,0
BRDA:140,12,1,4
BRDA:152,13,0,0
BRDA:152,13,1,8
BRDA:155,14,0,8
BRDA:155,14,1,0
BRDA:162,15,0,8
BRDA:162,15,1,4
BRDA:168,16,0,4
BRDA:168,16,1,0
BRDA:175,17,0,0
BRDA:175,17,1,0
BRDA:178,18,0,0
BRDA:178,18,1,0
BRDA:184,19,0,0
BRDA:184,19,1,0
BRDA:194,20,0,0
BRDA:194,20,1,0
BRDA:196,21,0,0
BRDA:196,21,1,0
BRDA:203,22,0,0
BRDA:203,22,1,0
BRDA:206,23,0,0
BRDA:206,23,1,0
BRDA:210,24,0,0
BRDA:210,24,1,0
BRDA:221,25,0,0
BRDA:221,25,1,2
BRDA:221,26,0,2
BRDA:221,26,1,0
BRDA:221,26,2,2
BRDA:229,27,0,0
BRDA:229,27,1,2
BRDA:237,28,0,0
BRDA:237,28,1,2
BRDA:240,29,0,0
BRDA:240,29,1,2
BRDA:276,30,0,0
BRDA:276,30,1,0
BRDA:281,31,0,0
BRDA:281,31,1,0
BRDA:295,32,0,12
BRDA:295,32,1,4
BRDA:296,33,0,12
BRDA:296,33,1,4
BRDA:318,34,0,0
BRDA:318,34,1,20
BRDA:320,35,0,20
BRDA:320,35,1,0
BRDA:354,36,0,20
BRDA:354,36,1,2
BRDA:359,37,0,20
BRDA:359,37,1,0
BRDA:364,38,0,20
BRDA:364,38,1,0
BRDA:369,39,0,20
BRDA:369,39,1,20
BRDA:369,39,2,20
BRDA:381,40,0,20
BRDA:381,40,1,18
BRDA:384,41,0,0
BRDA:384,41,1,20
BRDA:387,42,0,20
BRDA:387,42,1,12
BRDA:387,42,2,8
BRDA:405,43,0,3
BRDA:405,43,1,21
BRDA:405,44,0,24
BRDA:405,44,1,0
BRDA:406,45,0,24
BRDA:406,45,1,0
BRDA:409,46,0,3
BRDA:409,46,1,21
BRDA:410,47,0,24
BRDA:410,47,1,0
BRDA:410,48,0,0
BRDA:410,48,1,0
BRDA:411,49,0,0
BRDA:411,49,1,0
BRDA:413,50,0,0
BRDA:413,50,1,0
BRDA:419,51,0,0
BRDA:419,51,1,0
BRDA:425,52,0,24
BRDA:425,52,1,24
BRDA:425,53,0,3
BRDA:425,53,1,21
BRDA:430,54,0,24
BRDA:430,54,1,24
BRDA:430,55,0,3
BRDA:430,55,1,21
BRDA:432,56,0,24
BRDA:432,56,1,3
BRDA:439,57,0,0
BRDA:439,57,1,0
BRDA:445,58,0,0
BRDA:445,58,1,0
BRDA:457,59,0,24
BRDA:457,59,1,0
BRDA:457,60,0,24
BRDA:457,60,1,24
BRDA:459,61,0,0
BRDA:459,61,1,0
BRDA:460,62,0,0
BRDA:460,62,1,0
BRDA:462,63,0,0
BRDA:462,63,1,0
BRDA:467,64,0,0
BRDA:467,64,1,0
BRDA:469,65,0,0
BRDA:469,65,1,0
BRDA:476,66,0,3
BRDA:476,66,1,23
BRDA:479,67,0,3
BRDA:479,67,1,23
BRDA:502,68,0,3
BRDA:502,68,1,4
BRF:141
BRH:63
end_of_record
TN:
SF:src\routes\faq.jsx
FN:9,(anonymous_0)
FN:60,FaqPage
FN:99,(anonymous_2)
FN:112,(anonymous_3)
FN:210,(anonymous_4)
FNF:5
FNH:4
FNDA:0,(anonymous_0)
FNDA:4,FaqPage
FNDA:24,(anonymous_2)
FNDA:2,(anonymous_3)
FNDA:16,(anonymous_4)
DA:8,1
DA:9,0
DA:27,1
DA:61,4
DA:63,4
DA:100,24
DA:101,24
DA:112,2
DA:211,16
LF:9
LH:8
BRDA:105,0,0,3
BRDA:105,0,1,21
BRDA:112,1,0,1
BRDA:112,1,1,1
BRDA:121,2,0,3
BRDA:121,2,1,21
BRDA:135,3,0,3
BRDA:135,3,1,21
BRDA:143,4,0,3
BRDA:143,4,1,21
BRF:10
BRH:10
end_of_record
TN:
SF:src\routes\index.jsx
FN:20,(anonymous_0)
FN:95,Home
FN:173,(anonymous_2)
FN:220,(anonymous_3)
FN:267,(anonymous_4)
FN:340,(anonymous_5)
FNF:6
FNH:5
FNDA:0,(anonymous_0)
FNDA:2,Home
FNDA:6,(anonymous_2)
FNDA:8,(anonymous_3)
FNDA:8,(anonymous_4)
FNDA:12,(anonymous_5)
DA:19,1
DA:20,0
DA:38,1
DA:73,1
DA:80,1
DA:86,1
DA:96,2
DA:174,6
DA:221,8
DA:268,8
DA:341,12
LF:11
LH:10
BRDA:224,0,0,6
BRDA:224,0,1,2
BRF:2
BRH:2
end_of_record
TN:
SF:src\routes\steps.jsx
FN:8,(anonymous_0)
FN:94,StepsPage
FN:129,(anonymous_2)
FNF:3
FNH:2
FNDA:0,(anonymous_0)
FNDA:2,StepsPage
FNDA:10,(anonymous_2)
DA:7,1
DA:8,0
DA:26,1
DA:95,2
DA:130,10
LF:5
LH:4
BRF:0
BRH:0
end_of_record
TN:
SF:src\routes\timeline.jsx
FN:8,(anonymous_0)
FN:74,TimelinePage
FN:118,(anonymous_2)
FN:165,(anonymous_3)
FNF:4
FNH:3
FNDA:0,(anonymous_0)
FNDA:2,TimelinePage
FNDA:10,(anonymous_2)
FNDA:10,(anonymous_3)
DA:7,1
DA:8,0
DA:26,1
DA:75,2
DA:119,10
DA:166,10
LF:6
LH:5
BRF:0
BRH:0
end_of_record
